2012-05-26 23:52:14 Error: [MissingConnectionException] Database connection "SQLSTATE[HY000] [2002] Operation timed out" is missing, or could not be created.
#0 /Users/lorenzo/Sites/trigal/lib/Cake/Model/Datasource/DboSource.php(245): Mysql->connect()
#1 /Users/lorenzo/Sites/trigal/lib/Cake/Model/ConnectionManager.php(101): DboSource->__construct(Array)
#2 /Users/lorenzo/Sites/trigal/lib/Cake/Model/Model.php(3417): ConnectionManager::getDataSource('default')
#3 /Users/lorenzo/Sites/trigal/lib/Cake/Model/Model.php(1083): Model->setDataSource('default')
#4 /Users/lorenzo/Sites/trigal/lib/Cake/Model/Model.php(3443): Model->setSource('personas')
#5 /Users/lorenzo/Sites/trigal/lib/Cake/Model/Model.php(2698): Model->getDataSource()
#6 /Users/lorenzo/Sites/trigal/lib/Cake/Controller/Component/PaginatorComponent.php(172): Model->find('all', Array)
#7 /Users/lorenzo/Sites/trigal/lib/Cake/Controller/Controller.php(1084): PaginatorComponent->paginate(NULL, Array, Array)
#8 /Users/lorenzo/Sites/trigal/app/Plugin/Crud/Controller/Component/CrudComponent.php(302): Controller->paginate()
#9 [internal function]: CrudComponent->indexAction()
#10 /Users/lorenzo/Sites/trigal/app/Plugin/Crud/Controller/Component/CrudComponent.php(159): call_user_func_array(Array, Array)
#11 /Users/lorenzo/Sites/trigal/app/Controller/AppController.php(103): CrudComponent->executeAction()
#12 /Users/lorenzo/Sites/trigal/lib/Cake/Routing/Dispatcher.php(103): AppController->invokeAction(Object(CakeRequest))
#13 /Users/lorenzo/Sites/trigal/lib/Cake/Routing/Dispatcher.php(85): Dispatcher->_invoke(Object(PersonasController), Object(CakeRequest), Object(CakeResponse))
#14 /Users/lorenzo/Sites/trigal/app/webroot/index.php(97): Dispatcher->dispatch(Object(CakeRequest), Object(CakeResponse))
#15 {main}
2012-05-26 23:56:18 Error: [MissingConnectionException] Database connection "SQLSTATE[HY000] [2002] Operation timed out" is missing, or could not be created.
#0 /Users/lorenzo/Sites/trigal/lib/Cake/Model/Datasource/DboSource.php(245): Mysql->connect()
#1 /Users/lorenzo/Sites/trigal/lib/Cake/Model/ConnectionManager.php(101): DboSource->__construct(Array)
#2 /Users/lorenzo/Sites/trigal/lib/Cake/Model/Model.php(3417): ConnectionManager::getDataSource('default')
#3 /Users/lorenzo/Sites/trigal/lib/Cake/Model/Model.php(1083): Model->setDataSource('default')
#4 /Users/lorenzo/Sites/trigal/lib/Cake/Model/Model.php(3443): Model->setSource('personas')
#5 /Users/lorenzo/Sites/trigal/lib/Cake/Model/Model.php(2698): Model->getDataSource()
#6 /Users/lorenzo/Sites/trigal/lib/Cake/Controller/Component/PaginatorComponent.php(172): Model->find('all', Array)
#7 /Users/lorenzo/Sites/trigal/lib/Cake/Controller/Controller.php(1084): PaginatorComponent->paginate(NULL, Array, Array)
#8 /Users/lorenzo/Sites/trigal/app/Plugin/Crud/Controller/Component/CrudComponent.php(302): Controller->paginate()
#9 [internal function]: CrudComponent->indexAction()
#10 /Users/lorenzo/Sites/trigal/app/Plugin/Crud/Controller/Component/CrudComponent.php(159): call_user_func_array(Array, Array)
#11 /Users/lorenzo/Sites/trigal/app/Controller/AppController.php(103): CrudComponent->executeAction()
#12 /Users/lorenzo/Sites/trigal/lib/Cake/Routing/Dispatcher.php(103): AppController->invokeAction(Object(CakeRequest))
#13 /Users/lorenzo/Sites/trigal/lib/Cake/Routing/Dispatcher.php(85): Dispatcher->_invoke(Object(PersonasController), Object(CakeRequest), Object(CakeResponse))
#14 /Users/lorenzo/Sites/trigal/app/webroot/index.php(97): Dispatcher->dispatch(Object(CakeRequest), Object(CakeResponse))
#15 {main}
2012-05-27 00:11:41 Error: [MissingConnectionException] Database connection "SQLSTATE[HY000] [2002] Operation timed out" is missing, or could not be created.
#0 /Users/lorenzo/Sites/trigal/lib/Cake/Model/Datasource/DboSource.php(245): Mysql->connect()
#1 /Users/lorenzo/Sites/trigal/lib/Cake/Model/ConnectionManager.php(101): DboSource->__construct(Array)
#2 /Users/lorenzo/Sites/trigal/lib/Cake/Model/Model.php(3417): ConnectionManager::getDataSource('default')
#3 /Users/lorenzo/Sites/trigal/lib/Cake/Model/Model.php(1083): Model->setDataSource('default')
#4 /Users/lorenzo/Sites/trigal/lib/Cake/Model/Model.php(3443): Model->setSource('personas')
#5 /Users/lorenzo/Sites/trigal/lib/Cake/Model/Model.php(2698): Model->getDataSource()
#6 /Users/lorenzo/Sites/trigal/lib/Cake/Controller/Component/PaginatorComponent.php(172): Model->find('all', Array)
#7 /Users/lorenzo/Sites/trigal/lib/Cake/Controller/Controller.php(1084): PaginatorComponent->paginate(NULL, Array, Array)
#8 /Users/lorenzo/Sites/trigal/app/Plugin/Crud/Controller/Component/CrudComponent.php(302): Controller->paginate()
#9 [internal function]: CrudComponent->indexAction()
#10 /Users/lorenzo/Sites/trigal/app/Plugin/Crud/Controller/Component/CrudComponent.php(159): call_user_func_array(Array, Array)
#11 /Users/lorenzo/Sites/trigal/app/Controller/AppController.php(103): CrudComponent->executeAction()
#12 /Users/lorenzo/Sites/trigal/lib/Cake/Routing/Dispatcher.php(103): AppController->invokeAction(Object(CakeRequest))
#13 /Users/lorenzo/Sites/trigal/lib/Cake/Routing/Dispatcher.php(85): Dispatcher->_invoke(Object(PersonasController), Object(CakeRequest), Object(CakeResponse))
#14 /Users/lorenzo/Sites/trigal/app/webroot/index.php(97): Dispatcher->dispatch(Object(CakeRequest), Object(CakeResponse))
#15 {main}
2012-05-31 18:40:24 Error: [MissingConnectionException] Database connection "SQLSTATE[HY000] [2002] Operation timed out" is missing, or could not be created.
#0 /Users/lorenzo/Sites/trigal/lib/Cake/Model/Datasource/DboSource.php(245): Mysql->connect()
#1 /Users/lorenzo/Sites/trigal/lib/Cake/Model/ConnectionManager.php(101): DboSource->__construct(Array)
#2 /Users/lorenzo/Sites/trigal/lib/Cake/Model/Model.php(3417): ConnectionManager::getDataSource('default')
#3 /Users/lorenzo/Sites/trigal/lib/Cake/Model/Model.php(1083): Model->setDataSource('default')
#4 /Users/lorenzo/Sites/trigal/lib/Cake/Model/Model.php(3443): Model->setSource('personas')
#5 /Users/lorenzo/Sites/trigal/lib/Cake/Model/Model.php(2698): Model->getDataSource()
#6 /Users/lorenzo/Sites/trigal/lib/Cake/Controller/Component/PaginatorComponent.php(172): Model->find('all', Array)
#7 /Users/lorenzo/Sites/trigal/lib/Cake/Controller/Controller.php(1084): PaginatorComponent->paginate(NULL, Array, Array)
#8 /Users/lorenzo/Sites/trigal/app/Plugin/Crud/Controller/Component/CrudComponent.php(302): Controller->paginate()
#9 [internal function]: CrudComponent->indexAction()
#10 /Users/lorenzo/Sites/trigal/app/Plugin/Crud/Controller/Component/CrudComponent.php(159): call_user_func_array(Array, Array)
#11 /Users/lorenzo/Sites/trigal/app/Controller/AppController.php(103): CrudComponent->executeAction()
#12 /Users/lorenzo/Sites/trigal/lib/Cake/Routing/Dispatcher.php(103): AppController->invokeAction(Object(CakeRequest))
#13 /Users/lorenzo/Sites/trigal/lib/Cake/Routing/Dispatcher.php(85): Dispatcher->_invoke(Object(PersonasController), Object(CakeRequest), Object(CakeResponse))
#14 /Users/lorenzo/Sites/trigal/app/webroot/index.php(97): Dispatcher->dispatch(Object(CakeRequest), Object(CakeResponse))
#15 {main}
2012-05-31 18:48:46 Error: [MissingViewException] View file "/Users/lorenzo/Sites/trigal/app/View/Profesiones/form.ctp" is missing.
#0 /Users/lorenzo/Sites/trigal/lib/Cake/View/View.php(462): View->_getViewFileName('form')
#1 /Users/lorenzo/Sites/trigal/lib/Cake/Controller/Controller.php(959): View->render('form', NULL)
#2 /Users/lorenzo/Sites/trigal/app/Plugin/Crud/Controller/Component/CrudComponent.php(165): Controller->render('form')
#3 /Users/lorenzo/Sites/trigal/app/Controller/AppController.php(103): CrudComponent->executeAction()
#4 /Users/lorenzo/Sites/trigal/lib/Cake/Routing/Dispatcher.php(103): AppController->invokeAction(Object(CakeRequest))
#5 /Users/lorenzo/Sites/trigal/lib/Cake/Routing/Dispatcher.php(85): Dispatcher->_invoke(Object(ProfesionesController), Object(CakeRequest), Object(CakeResponse))
#6 /Users/lorenzo/Sites/trigal/app/webroot/index.php(97): Dispatcher->dispatch(Object(CakeRequest), Object(CakeResponse))
#7 {main}
2012-06-01 02:13:27 Error: [PDOException] SQLSTATE[23000]: Integrity constraint violation: 1052 Column 'nombre' in order clause is ambiguous
#0 /Users/lorenzo/Sites/trigal/lib/Cake/Model/Datasource/DboSource.php(437): PDOStatement->execute(Array)
#1 /Users/lorenzo/Sites/trigal/lib/Cake/Model/Datasource/DboSource.php(403): DboSource->_execute('SELECT `Persona...', Array)
#2 /Users/lorenzo/Sites/trigal/lib/Cake/Model/Datasource/DboSource.php(647): DboSource->execute('SELECT `Persona...', Array, Array)
#3 /Users/lorenzo/Sites/trigal/lib/Cake/Model/Datasource/DboSource.php(1058): DboSource->fetchAll('SELECT `Persona...', false)
#4 /Users/lorenzo/Sites/trigal/lib/Cake/Model/Model.php(2698): DboSource->read(Object(Persona), Array)
#5 /Users/lorenzo/Sites/trigal/lib/Cake/Controller/Component/PaginatorComponent.php(172): Model->find('all', Array)
#6 /Users/lorenzo/Sites/trigal/lib/Cake/Controller/Controller.php(1084): PaginatorComponent->paginate(NULL, Array, Array)
#7 /Users/lorenzo/Sites/trigal/app/Plugin/Crud/Controller/Component/CrudComponent.php(302): Controller->paginate()
#8 [internal function]: CrudComponent->indexAction()
#9 /Users/lorenzo/Sites/trigal/app/Plugin/Crud/Controller/Component/CrudComponent.php(159): call_user_func_array(Array, Array)
#10 /Users/lorenzo/Sites/trigal/app/Controller/AppController.php(103): CrudComponent->executeAction()
#11 /Users/lorenzo/Sites/trigal/lib/Cake/Routing/Dispatcher.php(103): AppController->invokeAction(Object(CakeRequest))
#12 /Users/lorenzo/Sites/trigal/lib/Cake/Routing/Dispatcher.php(85): Dispatcher->_invoke(Object(PersonasController), Object(CakeRequest), Object(CakeResponse))
#13 /Users/lorenzo/Sites/trigal/app/webroot/index.php(97): Dispatcher->dispatch(Object(CakeRequest), Object(CakeResponse))
#14 {main}
2012-06-01 02:13:30 Error: [PDOException] SQLSTATE[23000]: Integrity constraint violation: 1052 Column 'nombre' in order clause is ambiguous
#0 /Users/lorenzo/Sites/trigal/lib/Cake/Model/Datasource/DboSource.php(437): PDOStatement->execute(Array)
#1 /Users/lorenzo/Sites/trigal/lib/Cake/Model/Datasource/DboSource.php(403): DboSource->_execute('SELECT `Persona...', Array)
#2 /Users/lorenzo/Sites/trigal/lib/Cake/Model/Datasource/DboSource.php(647): DboSource->execute('SELECT `Persona...', Array, Array)
#3 /Users/lorenzo/Sites/trigal/lib/Cake/Model/Datasource/DboSource.php(1058): DboSource->fetchAll('SELECT `Persona...', false)
#4 /Users/lorenzo/Sites/trigal/lib/Cake/Model/Model.php(2698): DboSource->read(Object(Persona), Array)
#5 /Users/lorenzo/Sites/trigal/lib/Cake/Controller/Component/PaginatorComponent.php(172): Model->find('all', Array)
#6 /Users/lorenzo/Sites/trigal/lib/Cake/Controller/Controller.php(1084): PaginatorComponent->paginate(NULL, Array, Array)
#7 /Users/lorenzo/Sites/trigal/app/Plugin/Crud/Controller/Component/CrudComponent.php(302): Controller->paginate()
#8 [internal function]: CrudComponent->indexAction()
#9 /Users/lorenzo/Sites/trigal/app/Plugin/Crud/Controller/Component/CrudComponent.php(159): call_user_func_array(Array, Array)
#10 /Users/lorenzo/Sites/trigal/app/Controller/AppController.php(103): CrudComponent->executeAction()
#11 /Users/lorenzo/Sites/trigal/lib/Cake/Routing/Dispatcher.php(103): AppController->invokeAction(Object(CakeRequest))
#12 /Users/lorenzo/Sites/trigal/lib/Cake/Routing/Dispatcher.php(85): Dispatcher->_invoke(Object(PersonasController), Object(CakeRequest), Object(CakeResponse))
#13 /Users/lorenzo/Sites/trigal/app/webroot/index.php(97): Dispatcher->dispatch(Object(CakeRequest), Object(CakeResponse))
#14 {main}
2012-07-08 19:27:30 Error: [PDOException] SQLSTATE[42S22]: Column not found: 1054 Unknown column 'Calle.id' in 'on clause'
#0 /Users/lorenzo/Sites/trigal/lib/Cake/Model/Datasource/DboSource.php(437): PDOStatement->execute(Array)
#1 /Users/lorenzo/Sites/trigal/lib/Cake/Model/Datasource/DboSource.php(403): DboSource->_execute('SELECT `Persona...', Array)
#2 /Users/lorenzo/Sites/trigal/lib/Cake/Model/Datasource/DboSource.php(647): DboSource->execute('SELECT `Persona...', Array, Array)
#3 /Users/lorenzo/Sites/trigal/lib/Cake/Model/Datasource/DboSource.php(1058): DboSource->fetchAll('SELECT `Persona...', false)
#4 /Users/lorenzo/Sites/trigal/lib/Cake/Model/Model.php(2698): DboSource->read(Object(Persona), Array)
#5 /Users/lorenzo/Sites/trigal/lib/Cake/Controller/Component/PaginatorComponent.php(172): Model->find('all', Array)
#6 /Users/lorenzo/Sites/trigal/lib/Cake/Controller/Controller.php(1084): PaginatorComponent->paginate(NULL, Array, Array)
#7 /Users/lorenzo/Sites/trigal/app/Plugin/Crud/Controller/Component/CrudComponent.php(302): Controller->paginate()
#8 [internal function]: CrudComponent->indexAction()
#9 /Users/lorenzo/Sites/trigal/app/Plugin/Crud/Controller/Component/CrudComponent.php(159): call_user_func_array(Array, Array)
#10 /Users/lorenzo/Sites/trigal/app/Controller/AppController.php(103): CrudComponent->executeAction()
#11 /Users/lorenzo/Sites/trigal/lib/Cake/Routing/Dispatcher.php(103): AppController->invokeAction(Object(CakeRequest))
#12 /Users/lorenzo/Sites/trigal/lib/Cake/Routing/Dispatcher.php(85): Dispatcher->_invoke(Object(PersonasController), Object(CakeRequest), Object(CakeResponse))
#13 /Users/lorenzo/Sites/trigal/app/webroot/index.php(97): Dispatcher->dispatch(Object(CakeRequest), Object(CakeResponse))
#14 {main}
2012-07-08 20:19:34 Error: [PDOException] SQLSTATE[42S22]: Column not found: 1054 Unknown column 'Vivienda.nombre' in 'field list'
#0 /Users/lorenzo/Sites/trigal/lib/Cake/Model/Datasource/DboSource.php(437): PDOStatement->execute(Array)
#1 /Users/lorenzo/Sites/trigal/lib/Cake/Model/Datasource/DboSource.php(403): DboSource->_execute('SELECT `Viviend...', Array)
#2 /Users/lorenzo/Sites/trigal/lib/Cake/Model/Datasource/DboSource.php(647): DboSource->execute('SELECT `Viviend...', Array, Array)
#3 /Users/lorenzo/Sites/trigal/lib/Cake/Model/Datasource/DboSource.php(1058): DboSource->fetchAll('SELECT `Viviend...', false)
#4 /Users/lorenzo/Sites/trigal/lib/Cake/Model/Model.php(2698): DboSource->read(Object(Vivienda), Array)
#5 /Users/lorenzo/Sites/trigal/app/Controller/AppController.php(116): Model->find('list')
#6 [internal function]: AppController->beforeRender(Object(CakeEvent))
#7 /Users/lorenzo/Sites/trigal/lib/Cake/Event/CakeEventManager.php(246): call_user_func(Array, Object(CakeEvent))
#8 /Users/lorenzo/Sites/trigal/lib/Cake/Controller/Controller.php(924): CakeEventManager->dispatch(Object(CakeEvent))
#9 /Users/lorenzo/Sites/trigal/app/Plugin/Crud/Controller/Component/CrudComponent.php(165): Controller->render('form')
#10 /Users/lorenzo/Sites/trigal/app/Controller/AppController.php(103): CrudComponent->executeAction()
#11 /Users/lorenzo/Sites/trigal/lib/Cake/Routing/Dispatcher.php(103): AppController->invokeAction(Object(CakeRequest))
#12 /Users/lorenzo/Sites/trigal/lib/Cake/Routing/Dispatcher.php(85): Dispatcher->_invoke(Object(PersonasController), Object(CakeRequest), Object(CakeResponse))
#13 /Users/lorenzo/Sites/trigal/app/webroot/index.php(97): Dispatcher->dispatch(Object(CakeRequest), Object(CakeResponse))
#14 {main}
2012-07-08 20:19:39 Error: [PDOException] SQLSTATE[42S22]: Column not found: 1054 Unknown column 'Vivienda.nombre' in 'field list'
#0 /Users/lorenzo/Sites/trigal/lib/Cake/Model/Datasource/DboSource.php(437): PDOStatement->execute(Array)
#1 /Users/lorenzo/Sites/trigal/lib/Cake/Model/Datasource/DboSource.php(403): DboSource->_execute('SELECT `Viviend...', Array)
#2 /Users/lorenzo/Sites/trigal/lib/Cake/Model/Datasource/DboSource.php(647): DboSource->execute('SELECT `Viviend...', Array, Array)
#3 /Users/lorenzo/Sites/trigal/lib/Cake/Model/Datasource/DboSource.php(1058): DboSource->fetchAll('SELECT `Viviend...', false)
#4 /Users/lorenzo/Sites/trigal/lib/Cake/Model/Model.php(2698): DboSource->read(Object(Vivienda), Array)
#5 /Users/lorenzo/Sites/trigal/app/Controller/AppController.php(116): Model->find('list')
#6 [internal function]: AppController->beforeRender(Object(CakeEvent))
#7 /Users/lorenzo/Sites/trigal/lib/Cake/Event/CakeEventManager.php(246): call_user_func(Array, Object(CakeEvent))
#8 /Users/lorenzo/Sites/trigal/lib/Cake/Controller/Controller.php(924): CakeEventManager->dispatch(Object(CakeEvent))
#9 /Users/lorenzo/Sites/trigal/app/Plugin/Crud/Controller/Component/CrudComponent.php(165): Controller->render('form')
#10 /Users/lorenzo/Sites/trigal/app/Controller/AppController.php(103): CrudComponent->executeAction()
#11 /Users/lorenzo/Sites/trigal/lib/Cake/Routing/Dispatcher.php(103): AppController->invokeAction(Object(CakeRequest))
#12 /Users/lorenzo/Sites/trigal/lib/Cake/Routing/Dispatcher.php(85): Dispatcher->_invoke(Object(PersonasController), Object(CakeRequest), Object(CakeResponse))
#13 /Users/lorenzo/Sites/trigal/app/webroot/index.php(97): Dispatcher->dispatch(Object(CakeRequest), Object(CakeResponse))
#14 {main}
2012-07-08 20:35:16 Error: [MissingControllerException] Controller class CallesController could not be found.
#0 /Users/lorenzo/Sites/trigal/app/webroot/index.php(97): Dispatcher->dispatch(Object(CakeRequest), Object(CakeResponse))
#1 {main}
2012-07-18 04:20:55 Error: [Exception] Action "cuaderno_electoral" has not been mapped
#0 /Users/lorenzo/Sites/trigal/app/Controller/PersonasController.php(17): CrudComponent->executeAction()
#1 /Users/lorenzo/Sites/trigal/app/Controller/PersonasController.php(25): PersonasController->index()
#2 [internal function]: PersonasController->cuaderno_electoral()
#3 /Users/lorenzo/Sites/trigal/lib/Cake/Controller/Controller.php(485): ReflectionMethod->invokeArgs(Object(PersonasController), Array)
#4 /Users/lorenzo/Sites/trigal/app/Controller/AppController.php(82): Controller->invokeAction(Object(CakeRequest))
#5 /Users/lorenzo/Sites/trigal/lib/Cake/Routing/Dispatcher.php(103): AppController->invokeAction(Object(CakeRequest))
#6 /Users/lorenzo/Sites/trigal/lib/Cake/Routing/Dispatcher.php(85): Dispatcher->_invoke(Object(PersonasController), Object(CakeRequest), Object(CakeResponse))
#7 /Users/lorenzo/Sites/trigal/app/webroot/index.php(97): Dispatcher->dispatch(Object(CakeRequest), Object(CakeResponse))
#8 {main}
2012-07-18 04:22:51 Error: [MissingViewException] View file "/Users/lorenzo/Sites/trigal/app/View/Personas/cuaderno_electoral.ctp" is missing.
#0 /Users/lorenzo/Sites/trigal/lib/Cake/View/View.php(462): View->_getViewFileName('cuaderno_electo...')
#1 /Users/lorenzo/Sites/trigal/lib/Cake/Controller/Controller.php(959): View->render('cuaderno_electo...', NULL)
#2 /Users/lorenzo/Sites/trigal/app/Plugin/Crud/Controller/Component/CrudComponent.php(195): Controller->render('cuaderno_electo...')
#3 /Users/lorenzo/Sites/trigal/app/Controller/PersonasController.php(22): CrudComponent->executeAction()
#4 /Users/lorenzo/Sites/trigal/app/Controller/PersonasController.php(30): PersonasController->index()
#5 [internal function]: PersonasController->cuaderno_electoral()
#6 /Users/lorenzo/Sites/trigal/lib/Cake/Controller/Controller.php(485): ReflectionMethod->invokeArgs(Object(PersonasController), Array)
#7 /Users/lorenzo/Sites/trigal/app/Controller/AppController.php(82): Controller->invokeAction(Object(CakeRequest))
#8 /Users/lorenzo/Sites/trigal/lib/Cake/Routing/Dispatcher.php(103): AppController->invokeAction(Object(CakeRequest))
#9 /Users/lorenzo/Sites/trigal/lib/Cake/Routing/Dispatcher.php(85): Dispatcher->_invoke(Object(PersonasController), Object(CakeRequest), Object(CakeResponse))
#10 /Users/lorenzo/Sites/trigal/app/webroot/index.php(97): Dispatcher->dispatch(Object(CakeRequest), Object(CakeResponse))
#11 {main}
2012-07-18 04:35:16 Error: [PDOException] SQLSTATE[42000]: Syntax error or access violation: 1064 You have an error in your SQL syntax; check the manual that corresponds to your MySQL server version for the right syntax to use near 'IN (2, 4, 5, 6)    LIMIT 100000' at line 1
#0 /Users/lorenzo/Sites/trigal/lib/Cake/Model/Datasource/DboSource.php(437): PDOStatement->execute(Array)
#1 /Users/lorenzo/Sites/trigal/lib/Cake/Model/Datasource/DboSource.php(403): DboSource->_execute('SELECT `Persona...', Array)
#2 /Users/lorenzo/Sites/trigal/lib/Cake/Model/Datasource/DboSource.php(647): DboSource->execute('SELECT `Persona...', Array, Array)
#3 /Users/lorenzo/Sites/trigal/lib/Cake/Model/Datasource/DboSource.php(1058): DboSource->fetchAll('SELECT `Persona...', false)
#4 /Users/lorenzo/Sites/trigal/lib/Cake/Model/Model.php(2698): DboSource->read(Object(Persona), Array)
#5 /Users/lorenzo/Sites/trigal/lib/Cake/Controller/Component/PaginatorComponent.php(172): Model->find('all', Array)
#6 /Users/lorenzo/Sites/trigal/lib/Cake/Controller/Controller.php(1084): PaginatorComponent->paginate(Object(Persona), Array, Array)
#7 /Users/lorenzo/Sites/trigal/app/Plugin/Crud/Controller/Component/CrudComponent.php(367): Controller->paginate(Object(Persona))
#8 [internal function]: CrudComponent->_indexAction()
#9 /Users/lorenzo/Sites/trigal/app/Plugin/Crud/Controller/Component/CrudComponent.php(183): call_user_func_array(Array, Array)
#10 /Users/lorenzo/Sites/trigal/app/Controller/PersonasController.php(22): CrudComponent->executeAction()
#11 /Users/lorenzo/Sites/trigal/app/Controller/PersonasController.php(32): PersonasController->index()
#12 [internal function]: PersonasController->cuaderno_electoral()
#13 /Users/lorenzo/Sites/trigal/lib/Cake/Controller/Controller.php(485): ReflectionMethod->invokeArgs(Object(PersonasController), Array)
#14 /Users/lorenzo/Sites/trigal/app/Controller/AppController.php(82): Controller->invokeAction(Object(CakeRequest))
#15 /Users/lorenzo/Sites/trigal/lib/Cake/Routing/Dispatcher.php(103): AppController->invokeAction(Object(CakeRequest))
#16 /Users/lorenzo/Sites/trigal/lib/Cake/Routing/Dispatcher.php(85): Dispatcher->_invoke(Object(PersonasController), Object(CakeRequest), Object(CakeResponse))
#17 /Users/lorenzo/Sites/trigal/app/webroot/index.php(97): Dispatcher->dispatch(Object(CakeRequest), Object(CakeResponse))
#18 {main}
2012-07-18 04:35:23 Error: [PDOException] SQLSTATE[42000]: Syntax error or access violation: 1064 You have an error in your SQL syntax; check the manual that corresponds to your MySQL server version for the right syntax to use near 'IN (2, 4, 5, 6)    LIMIT 100000' at line 1
#0 /Users/lorenzo/Sites/trigal/lib/Cake/Model/Datasource/DboSource.php(437): PDOStatement->execute(Array)
#1 /Users/lorenzo/Sites/trigal/lib/Cake/Model/Datasource/DboSource.php(403): DboSource->_execute('SELECT `Persona...', Array)
#2 /Users/lorenzo/Sites/trigal/lib/Cake/Model/Datasource/DboSource.php(647): DboSource->execute('SELECT `Persona...', Array, Array)
#3 /Users/lorenzo/Sites/trigal/lib/Cake/Model/Datasource/DboSource.php(1058): DboSource->fetchAll('SELECT `Persona...', false)
#4 /Users/lorenzo/Sites/trigal/lib/Cake/Model/Model.php(2698): DboSource->read(Object(Persona), Array)
#5 /Users/lorenzo/Sites/trigal/lib/Cake/Controller/Component/PaginatorComponent.php(172): Model->find('all', Array)
#6 /Users/lorenzo/Sites/trigal/lib/Cake/Controller/Controller.php(1084): PaginatorComponent->paginate(Object(Persona), Array, Array)
#7 /Users/lorenzo/Sites/trigal/app/Plugin/Crud/Controller/Component/CrudComponent.php(367): Controller->paginate(Object(Persona))
#8 [internal function]: CrudComponent->_indexAction()
#9 /Users/lorenzo/Sites/trigal/app/Plugin/Crud/Controller/Component/CrudComponent.php(183): call_user_func_array(Array, Array)
#10 /Users/lorenzo/Sites/trigal/app/Controller/PersonasController.php(22): CrudComponent->executeAction()
#11 /Users/lorenzo/Sites/trigal/app/Controller/PersonasController.php(32): PersonasController->index()
#12 [internal function]: PersonasController->cuaderno_electoral()
#13 /Users/lorenzo/Sites/trigal/lib/Cake/Controller/Controller.php(485): ReflectionMethod->invokeArgs(Object(PersonasController), Array)
#14 /Users/lorenzo/Sites/trigal/app/Controller/AppController.php(82): Controller->invokeAction(Object(CakeRequest))
#15 /Users/lorenzo/Sites/trigal/lib/Cake/Routing/Dispatcher.php(103): AppController->invokeAction(Object(CakeRequest))
#16 /Users/lorenzo/Sites/trigal/lib/Cake/Routing/Dispatcher.php(85): Dispatcher->_invoke(Object(PersonasController), Object(CakeRequest), Object(CakeResponse))
#17 /Users/lorenzo/Sites/trigal/app/webroot/index.php(97): Dispatcher->dispatch(Object(CakeRequest), Object(CakeResponse))
#18 {main}
2012-08-02 20:41:15 Error: [CakeException] Controller attribute $pdfConfig is not correct or missing
#0 /Users/lorenzo/Sites/trigal/lib/Cake/Controller/Controller.php(942): PdfView->__construct(Object(PersonasController))
#1 /Users/lorenzo/Sites/trigal/app/Plugin/Crud/Controller/Component/CrudComponent.php(165): Controller->render('cuaderno_electo...')
#2 /Users/lorenzo/Sites/trigal/app/Controller/PersonasController.php(22): CrudComponent->executeAction()
#3 /Users/lorenzo/Sites/trigal/app/Controller/PersonasController.php(32): PersonasController->index()
#4 [internal function]: PersonasController->cuaderno_electoral()
#5 /Users/lorenzo/Sites/trigal/lib/Cake/Controller/Controller.php(485): ReflectionMethod->invokeArgs(Object(PersonasController), Array)
#6 /Users/lorenzo/Sites/trigal/app/Controller/AppController.php(83): Controller->invokeAction(Object(CakeRequest))
#7 /Users/lorenzo/Sites/trigal/lib/Cake/Routing/Dispatcher.php(186): AppController->invokeAction(Object(CakeRequest))
#8 /Users/lorenzo/Sites/trigal/lib/Cake/Routing/Dispatcher.php(161): Dispatcher->_invoke(Object(PersonasController), Object(CakeRequest), Object(CakeResponse))
#9 /Users/lorenzo/Sites/trigal/app/webroot/index.php(97): Dispatcher->dispatch(Object(CakeRequest), Object(CakeResponse))
#10 {main}
2012-08-02 20:41:46 Error: Fatal Error (1): Maximum execution time of 30 seconds exceeded in [/Users/lorenzo/Sites/trigal/lib/Cake/basics.php, line 168]
2012-08-02 20:41:46 Error: [FatalErrorException] Maximum execution time of 30 seconds exceeded
#0 /Users/lorenzo/Sites/trigal/lib/Cake/Error/ErrorHandler.php(162): ErrorHandler::handleFatalError(1, 'Maximum executi...', '/Users/lorenzo/...', 168)
#1 [internal function]: ErrorHandler::handleError(1, 'Maximum executi...', '/Users/lorenzo/...', 168, Array)
#2 /Users/lorenzo/Sites/trigal/lib/Cake/Core/App.php(926): call_user_func('ErrorHandler::h...', 1, 'Maximum executi...', '/Users/lorenzo/...', 168, Array)
#3 /Users/lorenzo/Sites/trigal/lib/Cake/Core/App.php(899): App::_checkFatalError()
#4 [internal function]: App::shutdown()
#5 {main}
2012-08-02 20:43:42 Error: [CakeException] Controller attribute $pdfConfig is not correct or missing
#0 /Users/lorenzo/Sites/trigal/lib/Cake/Controller/Controller.php(942): PdfView->__construct(Object(PersonasController))
#1 /Users/lorenzo/Sites/trigal/app/Plugin/Crud/Controller/Component/CrudComponent.php(165): Controller->render('cuaderno_electo...')
#2 /Users/lorenzo/Sites/trigal/app/Controller/PersonasController.php(22): CrudComponent->executeAction()
#3 /Users/lorenzo/Sites/trigal/app/Controller/PersonasController.php(32): PersonasController->index()
#4 [internal function]: PersonasController->cuaderno_electoral()
#5 /Users/lorenzo/Sites/trigal/lib/Cake/Controller/Controller.php(485): ReflectionMethod->invokeArgs(Object(PersonasController), Array)
#6 /Users/lorenzo/Sites/trigal/app/Controller/AppController.php(83): Controller->invokeAction(Object(CakeRequest))
#7 /Users/lorenzo/Sites/trigal/lib/Cake/Routing/Dispatcher.php(186): AppController->invokeAction(Object(CakeRequest))
#8 /Users/lorenzo/Sites/trigal/lib/Cake/Routing/Dispatcher.php(161): Dispatcher->_invoke(Object(PersonasController), Object(CakeRequest), Object(CakeResponse))
#9 /Users/lorenzo/Sites/trigal/app/webroot/index.php(97): Dispatcher->dispatch(Object(CakeRequest), Object(CakeResponse))
#10 {main}
2012-08-02 20:44:12 Error: Fatal Error (1): Maximum execution time of 30 seconds exceeded in [/Users/lorenzo/Sites/trigal/lib/Cake/basics.php, line 169]
2012-08-02 20:44:12 Error: [FatalErrorException] Maximum execution time of 30 seconds exceeded
#0 /Users/lorenzo/Sites/trigal/lib/Cake/Error/ErrorHandler.php(162): ErrorHandler::handleFatalError(1, 'Maximum executi...', '/Users/lorenzo/...', 169)
#1 [internal function]: ErrorHandler::handleError(1, 'Maximum executi...', '/Users/lorenzo/...', 169, Array)
#2 /Users/lorenzo/Sites/trigal/lib/Cake/Core/App.php(926): call_user_func('ErrorHandler::h...', 1, 'Maximum executi...', '/Users/lorenzo/...', 169, Array)
#3 /Users/lorenzo/Sites/trigal/lib/Cake/Core/App.php(899): App::_checkFatalError()
#4 [internal function]: App::shutdown()
#5 {main}
2012-08-02 20:45:08 Error: [CakeException] Controller attribute $pdfConfig is not correct or missing
#0 /Users/lorenzo/Sites/trigal/lib/Cake/Controller/Controller.php(942): PdfView->__construct(Object(PersonasController))
#1 /Users/lorenzo/Sites/trigal/app/Plugin/Crud/Controller/Component/CrudComponent.php(165): Controller->render('cuaderno_electo...')
#2 /Users/lorenzo/Sites/trigal/app/Controller/PersonasController.php(22): CrudComponent->executeAction()
#3 /Users/lorenzo/Sites/trigal/app/Controller/PersonasController.php(32): PersonasController->index()
#4 [internal function]: PersonasController->cuaderno_electoral()
#5 /Users/lorenzo/Sites/trigal/lib/Cake/Controller/Controller.php(485): ReflectionMethod->invokeArgs(Object(PersonasController), Array)
#6 /Users/lorenzo/Sites/trigal/app/Controller/AppController.php(83): Controller->invokeAction(Object(CakeRequest))
#7 /Users/lorenzo/Sites/trigal/lib/Cake/Routing/Dispatcher.php(186): AppController->invokeAction(Object(CakeRequest))
#8 /Users/lorenzo/Sites/trigal/lib/Cake/Routing/Dispatcher.php(161): Dispatcher->_invoke(Object(PersonasController), Object(CakeRequest), Object(CakeResponse))
#9 /Users/lorenzo/Sites/trigal/app/webroot/index.php(97): Dispatcher->dispatch(Object(CakeRequest), Object(CakeResponse))
#10 {main}
2012-08-02 20:45:38 Error: Fatal Error (1): Maximum execution time of 30 seconds exceeded in [/Users/lorenzo/Sites/trigal/lib/Cake/basics.php, line 0]
2012-08-02 20:45:38 Error: [FatalErrorException] Maximum execution time of 30 seconds exceeded
#0 /Users/lorenzo/Sites/trigal/lib/Cake/Error/ErrorHandler.php(162): ErrorHandler::handleFatalError(1, 'Maximum executi...', '/Users/lorenzo/...', 0)
#1 [internal function]: ErrorHandler::handleError(1, 'Maximum executi...', '/Users/lorenzo/...', 0, Array)
#2 /Users/lorenzo/Sites/trigal/lib/Cake/Core/App.php(926): call_user_func('ErrorHandler::h...', 1, 'Maximum executi...', '/Users/lorenzo/...', 0, Array)
#3 /Users/lorenzo/Sites/trigal/lib/Cake/Core/App.php(899): App::_checkFatalError()
#4 [internal function]: App::shutdown()
#5 {main}
2012-08-02 20:45:58 Error: [CakeException] Controller attribute $pdfConfig is not correct or missing
#0 /Users/lorenzo/Sites/trigal/lib/Cake/Controller/Controller.php(942): PdfView->__construct(Object(PersonasController))
#1 /Users/lorenzo/Sites/trigal/app/Plugin/Crud/Controller/Component/CrudComponent.php(165): Controller->render('cuaderno_electo...')
#2 /Users/lorenzo/Sites/trigal/app/Controller/PersonasController.php(22): CrudComponent->executeAction()
#3 /Users/lorenzo/Sites/trigal/app/Controller/PersonasController.php(32): PersonasController->index()
#4 [internal function]: PersonasController->cuaderno_electoral()
#5 /Users/lorenzo/Sites/trigal/lib/Cake/Controller/Controller.php(485): ReflectionMethod->invokeArgs(Object(PersonasController), Array)
#6 /Users/lorenzo/Sites/trigal/app/Controller/AppController.php(83): Controller->invokeAction(Object(CakeRequest))
#7 /Users/lorenzo/Sites/trigal/lib/Cake/Routing/Dispatcher.php(186): AppController->invokeAction(Object(CakeRequest))
#8 /Users/lorenzo/Sites/trigal/lib/Cake/Routing/Dispatcher.php(161): Dispatcher->_invoke(Object(PersonasController), Object(CakeRequest), Object(CakeResponse))
#9 /Users/lorenzo/Sites/trigal/app/webroot/index.php(97): Dispatcher->dispatch(Object(CakeRequest), Object(CakeResponse))
#10 {main}
2012-08-02 20:46:02 Error: Fatal Error (1): Allowed memory size of 536870912 bytes exhausted (tried to allocate 32 bytes) in [/Users/lorenzo/Sites/trigal/lib/Cake/basics.php, line 166]
2012-08-02 20:46:02 Error: [FatalErrorException] Allowed memory size of 536870912 bytes exhausted (tried to allocate 32 bytes)
#0 /Users/lorenzo/Sites/trigal/lib/Cake/Error/ErrorHandler.php(162): ErrorHandler::handleFatalError(1, 'Allowed memory ...', '/Users/lorenzo/...', 166)
#1 [internal function]: ErrorHandler::handleError(1, 'Allowed memory ...', '/Users/lorenzo/...', 166, Array)
#2 /Users/lorenzo/Sites/trigal/lib/Cake/Core/App.php(926): call_user_func('ErrorHandler::h...', 1, 'Allowed memory ...', '/Users/lorenzo/...', 166, Array)
#3 /Users/lorenzo/Sites/trigal/lib/Cake/Core/App.php(899): App::_checkFatalError()
#4 [internal function]: App::shutdown()
#5 {main}
2012-08-02 20:46:22 Error: [CakeException] Controller attribute $pdfConfig is not correct or missing
#0 /Users/lorenzo/Sites/trigal/lib/Cake/Controller/Controller.php(942): PdfView->__construct(Object(PersonasController))
#1 /Users/lorenzo/Sites/trigal/app/Plugin/Crud/Controller/Component/CrudComponent.php(165): Controller->render('cuaderno_electo...')
#2 /Users/lorenzo/Sites/trigal/app/Controller/PersonasController.php(22): CrudComponent->executeAction()
#3 /Users/lorenzo/Sites/trigal/app/Controller/PersonasController.php(32): PersonasController->index()
#4 [internal function]: PersonasController->cuaderno_electoral()
#5 /Users/lorenzo/Sites/trigal/lib/Cake/Controller/Controller.php(485): ReflectionMethod->invokeArgs(Object(PersonasController), Array)
#6 /Users/lorenzo/Sites/trigal/app/Controller/AppController.php(83): Controller->invokeAction(Object(CakeRequest))
#7 /Users/lorenzo/Sites/trigal/lib/Cake/Routing/Dispatcher.php(186): AppController->invokeAction(Object(CakeRequest))
#8 /Users/lorenzo/Sites/trigal/lib/Cake/Routing/Dispatcher.php(161): Dispatcher->_invoke(Object(PersonasController), Object(CakeRequest), Object(CakeResponse))
#9 /Users/lorenzo/Sites/trigal/app/webroot/index.php(97): Dispatcher->dispatch(Object(CakeRequest), Object(CakeResponse))
#10 {main}
2012-08-02 20:46:52 Error: Fatal Error (1): Maximum execution time of 30 seconds exceeded in [/Users/lorenzo/Sites/trigal/lib/Cake/basics.php, line 166]
2012-08-02 20:46:52 Error: [FatalErrorException] Maximum execution time of 30 seconds exceeded
#0 /Users/lorenzo/Sites/trigal/lib/Cake/Error/ErrorHandler.php(162): ErrorHandler::handleFatalError(1, 'Maximum executi...', '/Users/lorenzo/...', 166)
#1 [internal function]: ErrorHandler::handleError(1, 'Maximum executi...', '/Users/lorenzo/...', 166, Array)
#2 /Users/lorenzo/Sites/trigal/lib/Cake/Core/App.php(926): call_user_func('ErrorHandler::h...', 1, 'Maximum executi...', '/Users/lorenzo/...', 166, Array)
#3 /Users/lorenzo/Sites/trigal/lib/Cake/Core/App.php(899): App::_checkFatalError()
#4 [internal function]: App::shutdown()
#5 {main}
2012-08-02 20:47:22 Error: [CakeException] Controller attribute $pdfConfig is not correct or missing
#0 /Users/lorenzo/Sites/trigal/lib/Cake/Controller/Controller.php(942): PdfView->__construct(Object(PersonasController))
#1 /Users/lorenzo/Sites/trigal/app/Plugin/Crud/Controller/Component/CrudComponent.php(165): Controller->render('cuaderno_electo...')
#2 /Users/lorenzo/Sites/trigal/app/Controller/PersonasController.php(22): CrudComponent->executeAction()
#3 /Users/lorenzo/Sites/trigal/app/Controller/PersonasController.php(32): PersonasController->index()
#4 [internal function]: PersonasController->cuaderno_electoral()
#5 /Users/lorenzo/Sites/trigal/lib/Cake/Controller/Controller.php(485): ReflectionMethod->invokeArgs(Object(PersonasController), Array)
#6 /Users/lorenzo/Sites/trigal/app/Controller/AppController.php(83): Controller->invokeAction(Object(CakeRequest))
#7 /Users/lorenzo/Sites/trigal/lib/Cake/Routing/Dispatcher.php(186): AppController->invokeAction(Object(CakeRequest))
#8 /Users/lorenzo/Sites/trigal/lib/Cake/Routing/Dispatcher.php(161): Dispatcher->_invoke(Object(PersonasController), Object(CakeRequest), Object(CakeResponse))
#9 /Users/lorenzo/Sites/trigal/app/webroot/index.php(97): Dispatcher->dispatch(Object(CakeRequest), Object(CakeResponse))
#10 {main}
2012-08-02 20:47:33 Error: [CakeException] Controller attribute $pdfConfig is not correct or missing
#0 /Users/lorenzo/Sites/trigal/lib/Cake/Controller/Controller.php(942): PdfView->__construct(Object(PersonasController))
#1 /Users/lorenzo/Sites/trigal/app/Plugin/Crud/Controller/Component/CrudComponent.php(165): Controller->render('cuaderno_electo...')
#2 /Users/lorenzo/Sites/trigal/app/Controller/PersonasController.php(22): CrudComponent->executeAction()
#3 /Users/lorenzo/Sites/trigal/app/Controller/PersonasController.php(32): PersonasController->index()
#4 [internal function]: PersonasController->cuaderno_electoral()
#5 /Users/lorenzo/Sites/trigal/lib/Cake/Controller/Controller.php(485): ReflectionMethod->invokeArgs(Object(PersonasController), Array)
#6 /Users/lorenzo/Sites/trigal/app/Controller/AppController.php(83): Controller->invokeAction(Object(CakeRequest))
#7 /Users/lorenzo/Sites/trigal/lib/Cake/Routing/Dispatcher.php(186): AppController->invokeAction(Object(CakeRequest))
#8 /Users/lorenzo/Sites/trigal/lib/Cake/Routing/Dispatcher.php(161): Dispatcher->_invoke(Object(PersonasController), Object(CakeRequest), Object(CakeResponse))
#9 /Users/lorenzo/Sites/trigal/app/webroot/index.php(97): Dispatcher->dispatch(Object(CakeRequest), Object(CakeResponse))
#10 {main}
2012-08-02 20:48:03 Error: Fatal Error (1): Maximum execution time of 30 seconds exceeded in [/Users/lorenzo/Sites/trigal/lib/Cake/basics.php, line 166]
2012-08-02 20:48:03 Error: [FatalErrorException] Maximum execution time of 30 seconds exceeded
#0 /Users/lorenzo/Sites/trigal/lib/Cake/Error/ErrorHandler.php(162): ErrorHandler::handleFatalError(1, 'Maximum executi...', '/Users/lorenzo/...', 166)
#1 [internal function]: ErrorHandler::handleError(1, 'Maximum executi...', '/Users/lorenzo/...', 166, Array)
#2 /Users/lorenzo/Sites/trigal/lib/Cake/Core/App.php(926): call_user_func('ErrorHandler::h...', 1, 'Maximum executi...', '/Users/lorenzo/...', 166, Array)
#3 /Users/lorenzo/Sites/trigal/lib/Cake/Core/App.php(899): App::_checkFatalError()
#4 [internal function]: App::shutdown()
#5 {main}
2012-08-02 20:49:07 Error: [CakeException] Controller attribute $pdfConfig is not correct or missing
#0 /Users/lorenzo/Sites/trigal/lib/Cake/Controller/Controller.php(942): PdfView->__construct(Object(PersonasController))
#1 /Users/lorenzo/Sites/trigal/app/Plugin/Crud/Controller/Component/CrudComponent.php(165): Controller->render('cuaderno_electo...')
#2 /Users/lorenzo/Sites/trigal/app/Controller/PersonasController.php(22): CrudComponent->executeAction()
#3 /Users/lorenzo/Sites/trigal/app/Controller/PersonasController.php(32): PersonasController->index()
#4 [internal function]: PersonasController->cuaderno_electoral()
#5 /Users/lorenzo/Sites/trigal/lib/Cake/Controller/Controller.php(485): ReflectionMethod->invokeArgs(Object(PersonasController), Array)
#6 /Users/lorenzo/Sites/trigal/app/Controller/AppController.php(83): Controller->invokeAction(Object(CakeRequest))
#7 /Users/lorenzo/Sites/trigal/lib/Cake/Routing/Dispatcher.php(186): AppController->invokeAction(Object(CakeRequest))
#8 /Users/lorenzo/Sites/trigal/lib/Cake/Routing/Dispatcher.php(161): Dispatcher->_invoke(Object(PersonasController), Object(CakeRequest), Object(CakeResponse))
#9 /Users/lorenzo/Sites/trigal/app/webroot/index.php(97): Dispatcher->dispatch(Object(CakeRequest), Object(CakeResponse))
#10 {main}
2012-08-02 20:49:42 Error: [CakeException] Controller attribute $pdfConfig is not correct or missing
#0 /Users/lorenzo/Sites/trigal/lib/Cake/Controller/Controller.php(942): PdfView->__construct(Object(PersonasController))
#1 /Users/lorenzo/Sites/trigal/app/Plugin/Crud/Controller/Component/CrudComponent.php(165): Controller->render('cuaderno_electo...')
#2 /Users/lorenzo/Sites/trigal/app/Controller/PersonasController.php(22): CrudComponent->executeAction()
#3 /Users/lorenzo/Sites/trigal/app/Controller/PersonasController.php(32): PersonasController->index()
#4 [internal function]: PersonasController->cuaderno_electoral()
#5 /Users/lorenzo/Sites/trigal/lib/Cake/Controller/Controller.php(485): ReflectionMethod->invokeArgs(Object(PersonasController), Array)
#6 /Users/lorenzo/Sites/trigal/app/Controller/AppController.php(83): Controller->invokeAction(Object(CakeRequest))
#7 /Users/lorenzo/Sites/trigal/lib/Cake/Routing/Dispatcher.php(186): AppController->invokeAction(Object(CakeRequest))
#8 /Users/lorenzo/Sites/trigal/lib/Cake/Routing/Dispatcher.php(161): Dispatcher->_invoke(Object(PersonasController), Object(CakeRequest), Object(CakeResponse))
#9 /Users/lorenzo/Sites/trigal/app/webroot/index.php(97): Dispatcher->dispatch(Object(CakeRequest), Object(CakeResponse))
#10 {main}
2012-08-02 20:50:08 Error: [CakeException] Controller attribute $pdfConfig is not correct or missing
#0 /Users/lorenzo/Sites/trigal/lib/Cake/Controller/Controller.php(942): PdfView->__construct(Object(PersonasController))
#1 /Users/lorenzo/Sites/trigal/app/Plugin/Crud/Controller/Component/CrudComponent.php(165): Controller->render('cuaderno_electo...')
#2 /Users/lorenzo/Sites/trigal/app/Controller/PersonasController.php(22): CrudComponent->executeAction()
#3 /Users/lorenzo/Sites/trigal/app/Controller/PersonasController.php(32): PersonasController->index()
#4 [internal function]: PersonasController->cuaderno_electoral()
#5 /Users/lorenzo/Sites/trigal/lib/Cake/Controller/Controller.php(485): ReflectionMethod->invokeArgs(Object(PersonasController), Array)
#6 /Users/lorenzo/Sites/trigal/app/Controller/AppController.php(83): Controller->invokeAction(Object(CakeRequest))
#7 /Users/lorenzo/Sites/trigal/lib/Cake/Routing/Dispatcher.php(186): AppController->invokeAction(Object(CakeRequest))
#8 /Users/lorenzo/Sites/trigal/lib/Cake/Routing/Dispatcher.php(161): Dispatcher->_invoke(Object(PersonasController), Object(CakeRequest), Object(CakeResponse))
#9 /Users/lorenzo/Sites/trigal/app/webroot/index.php(97): Dispatcher->dispatch(Object(CakeRequest), Object(CakeResponse))
#10 {main}
2012-08-02 20:51:10 Error: [CakeException] Controller attribute $pdfConfig is not correct or missing
#0 /Users/lorenzo/Sites/trigal/lib/Cake/Controller/Controller.php(942): PdfView->__construct(Object(PersonasController))
#1 /Users/lorenzo/Sites/trigal/app/Plugin/Crud/Controller/Component/CrudComponent.php(165): Controller->render('cuaderno_electo...')
#2 /Users/lorenzo/Sites/trigal/app/Controller/PersonasController.php(22): CrudComponent->executeAction()
#3 /Users/lorenzo/Sites/trigal/app/Controller/PersonasController.php(32): PersonasController->index()
#4 [internal function]: PersonasController->cuaderno_electoral()
#5 /Users/lorenzo/Sites/trigal/lib/Cake/Controller/Controller.php(485): ReflectionMethod->invokeArgs(Object(PersonasController), Array)
#6 /Users/lorenzo/Sites/trigal/app/Controller/AppController.php(83): Controller->invokeAction(Object(CakeRequest))
#7 /Users/lorenzo/Sites/trigal/lib/Cake/Routing/Dispatcher.php(186): AppController->invokeAction(Object(CakeRequest))
#8 /Users/lorenzo/Sites/trigal/lib/Cake/Routing/Dispatcher.php(161): Dispatcher->_invoke(Object(PersonasController), Object(CakeRequest), Object(CakeResponse))
#9 /Users/lorenzo/Sites/trigal/app/webroot/index.php(97): Dispatcher->dispatch(Object(CakeRequest), Object(CakeResponse))
#10 {main}
2012-08-02 20:51:31 Error: [CakeException] Controller attribute $pdfConfig is not correct or missing
#0 /Users/lorenzo/Sites/trigal/lib/Cake/Controller/Controller.php(942): PdfView->__construct(Object(PersonasController))
#1 /Users/lorenzo/Sites/trigal/app/Plugin/Crud/Controller/Component/CrudComponent.php(165): Controller->render('cuaderno_electo...')
#2 /Users/lorenzo/Sites/trigal/app/Controller/PersonasController.php(22): CrudComponent->executeAction()
#3 /Users/lorenzo/Sites/trigal/app/Controller/PersonasController.php(32): PersonasController->index()
#4 [internal function]: PersonasController->cuaderno_electoral()
#5 /Users/lorenzo/Sites/trigal/lib/Cake/Controller/Controller.php(485): ReflectionMethod->invokeArgs(Object(PersonasController), Array)
#6 /Users/lorenzo/Sites/trigal/app/Controller/AppController.php(83): Controller->invokeAction(Object(CakeRequest))
#7 /Users/lorenzo/Sites/trigal/lib/Cake/Routing/Dispatcher.php(186): AppController->invokeAction(Object(CakeRequest))
#8 /Users/lorenzo/Sites/trigal/lib/Cake/Routing/Dispatcher.php(161): Dispatcher->_invoke(Object(PersonasController), Object(CakeRequest), Object(CakeResponse))
#9 /Users/lorenzo/Sites/trigal/app/webroot/index.php(97): Dispatcher->dispatch(Object(CakeRequest), Object(CakeResponse))
#10 {main}
2012-08-02 20:52:01 Error: Fatal Error (1): Maximum execution time of 30 seconds exceeded in [/Users/lorenzo/Sites/trigal/lib/Cake/basics.php, line 190]
2012-08-02 20:52:01 Error: [FatalErrorException] Maximum execution time of 30 seconds exceeded
#0 /Users/lorenzo/Sites/trigal/lib/Cake/Error/ErrorHandler.php(162): ErrorHandler::handleFatalError(1, 'Maximum executi...', '/Users/lorenzo/...', 190)
#1 [internal function]: ErrorHandler::handleError(1, 'Maximum executi...', '/Users/lorenzo/...', 190, Array)
#2 /Users/lorenzo/Sites/trigal/lib/Cake/Core/App.php(926): call_user_func('ErrorHandler::h...', 1, 'Maximum executi...', '/Users/lorenzo/...', 190, Array)
#3 /Users/lorenzo/Sites/trigal/lib/Cake/Core/App.php(899): App::_checkFatalError()
#4 [internal function]: App::shutdown()
#5 {main}
2012-08-02 20:55:15 Error: [CakeException] Controller attribute $pdfConfig is not correct or missing
#0 /Users/lorenzo/Sites/trigal/lib/Cake/Controller/Controller.php(942): PdfView->__construct(Object(PersonasController))
#1 /Users/lorenzo/Sites/trigal/app/Plugin/Crud/Controller/Component/CrudComponent.php(165): Controller->render('cuaderno_electo...')
#2 /Users/lorenzo/Sites/trigal/app/Controller/PersonasController.php(22): CrudComponent->executeAction()
#3 /Users/lorenzo/Sites/trigal/app/Controller/PersonasController.php(32): PersonasController->index()
#4 [internal function]: PersonasController->cuaderno_electoral()
#5 /Users/lorenzo/Sites/trigal/lib/Cake/Controller/Controller.php(485): ReflectionMethod->invokeArgs(Object(PersonasController), Array)
#6 /Users/lorenzo/Sites/trigal/app/Controller/AppController.php(83): Controller->invokeAction(Object(CakeRequest))
#7 /Users/lorenzo/Sites/trigal/lib/Cake/Routing/Dispatcher.php(186): AppController->invokeAction(Object(CakeRequest))
#8 /Users/lorenzo/Sites/trigal/lib/Cake/Routing/Dispatcher.php(161): Dispatcher->_invoke(Object(PersonasController), Object(CakeRequest), Object(CakeResponse))
#9 /Users/lorenzo/Sites/trigal/app/webroot/index.php(97): Dispatcher->dispatch(Object(CakeRequest), Object(CakeResponse))
#10 {main}
2012-08-02 20:55:24 Error: [CakeException] Controller attribute $pdfConfig is not correct or missing
#0 /Users/lorenzo/Sites/trigal/lib/Cake/Controller/Controller.php(942): PdfView->__construct(Object(PersonasController))
#1 /Users/lorenzo/Sites/trigal/app/Plugin/Crud/Controller/Component/CrudComponent.php(165): Controller->render('cuaderno_electo...')
#2 /Users/lorenzo/Sites/trigal/app/Controller/PersonasController.php(22): CrudComponent->executeAction()
#3 /Users/lorenzo/Sites/trigal/app/Controller/PersonasController.php(32): PersonasController->index()
#4 [internal function]: PersonasController->cuaderno_electoral()
#5 /Users/lorenzo/Sites/trigal/lib/Cake/Controller/Controller.php(485): ReflectionMethod->invokeArgs(Object(PersonasController), Array)
#6 /Users/lorenzo/Sites/trigal/app/Controller/AppController.php(83): Controller->invokeAction(Object(CakeRequest))
#7 /Users/lorenzo/Sites/trigal/lib/Cake/Routing/Dispatcher.php(186): AppController->invokeAction(Object(CakeRequest))
#8 /Users/lorenzo/Sites/trigal/lib/Cake/Routing/Dispatcher.php(161): Dispatcher->_invoke(Object(PersonasController), Object(CakeRequest), Object(CakeResponse))
#9 /Users/lorenzo/Sites/trigal/app/webroot/index.php(97): Dispatcher->dispatch(Object(CakeRequest), Object(CakeResponse))
#10 {main}
2012-08-02 20:55:46 Error: [CakeException] Controller attribute $pdfConfig is not correct or missing
#0 /Users/lorenzo/Sites/trigal/lib/Cake/Controller/Controller.php(942): PdfView->__construct(Object(PersonasController))
#1 /Users/lorenzo/Sites/trigal/app/Plugin/Crud/Controller/Component/CrudComponent.php(165): Controller->render('cuaderno_electo...')
#2 /Users/lorenzo/Sites/trigal/app/Controller/PersonasController.php(22): CrudComponent->executeAction()
#3 /Users/lorenzo/Sites/trigal/app/Controller/PersonasController.php(32): PersonasController->index()
#4 [internal function]: PersonasController->cuaderno_electoral()
#5 /Users/lorenzo/Sites/trigal/lib/Cake/Controller/Controller.php(485): ReflectionMethod->invokeArgs(Object(PersonasController), Array)
#6 /Users/lorenzo/Sites/trigal/app/Controller/AppController.php(83): Controller->invokeAction(Object(CakeRequest))
#7 /Users/lorenzo/Sites/trigal/lib/Cake/Routing/Dispatcher.php(186): AppController->invokeAction(Object(CakeRequest))
#8 /Users/lorenzo/Sites/trigal/lib/Cake/Routing/Dispatcher.php(161): Dispatcher->_invoke(Object(PersonasController), Object(CakeRequest), Object(CakeResponse))
#9 /Users/lorenzo/Sites/trigal/app/webroot/index.php(97): Dispatcher->dispatch(Object(CakeRequest), Object(CakeResponse))
#10 {main}
2012-08-02 20:56:56 Error: [MissingLayoutException] Layout file "/Users/lorenzo/Sites/trigal/app/View/Layouts/pdf/default.ctp" is missing.
#0 /Users/lorenzo/Sites/trigal/lib/Cake/View/View.php(513): View->_getLayoutFileName('default')
#1 /Users/lorenzo/Sites/trigal/lib/Cake/View/View.php(483): View->renderLayout('', 'default')
#2 /Users/lorenzo/Sites/trigal/app/Plugin/CakePdf/View/PdfView.php(85): View->render('cuaderno_electo...', NULL)
#3 /Users/lorenzo/Sites/trigal/lib/Cake/Controller/Controller.php(957): PdfView->render('cuaderno_electo...', NULL)
#4 /Users/lorenzo/Sites/trigal/app/Plugin/Crud/Controller/Component/CrudComponent.php(165): Controller->render('cuaderno_electo...')
#5 /Users/lorenzo/Sites/trigal/app/Controller/PersonasController.php(22): CrudComponent->executeAction()
#6 /Users/lorenzo/Sites/trigal/app/Controller/PersonasController.php(32): PersonasController->index()
#7 [internal function]: PersonasController->cuaderno_electoral()
#8 /Users/lorenzo/Sites/trigal/lib/Cake/Controller/Controller.php(485): ReflectionMethod->invokeArgs(Object(PersonasController), Array)
#9 /Users/lorenzo/Sites/trigal/app/Controller/AppController.php(83): Controller->invokeAction(Object(CakeRequest))
#10 /Users/lorenzo/Sites/trigal/lib/Cake/Routing/Dispatcher.php(186): AppController->invokeAction(Object(CakeRequest))
#11 /Users/lorenzo/Sites/trigal/lib/Cake/Routing/Dispatcher.php(161): Dispatcher->_invoke(Object(PersonasController), Object(CakeRequest), Object(CakeResponse))
#12 /Users/lorenzo/Sites/trigal/app/webroot/index.php(97): Dispatcher->dispatch(Object(CakeRequest), Object(CakeResponse))
#13 {main}
2012-08-02 20:57:22 Error: [MissingLayoutException] Layout file "/Users/lorenzo/Sites/trigal/app/View/Layouts/pdf/default.ctp" is missing.
#0 /Users/lorenzo/Sites/trigal/lib/Cake/View/View.php(513): View->_getLayoutFileName('default')
#1 /Users/lorenzo/Sites/trigal/lib/Cake/View/View.php(483): View->renderLayout('', 'default')
#2 /Users/lorenzo/Sites/trigal/app/Plugin/CakePdf/View/PdfView.php(85): View->render('cuaderno_electo...', NULL)
#3 /Users/lorenzo/Sites/trigal/lib/Cake/Controller/Controller.php(957): PdfView->render('cuaderno_electo...', NULL)
#4 /Users/lorenzo/Sites/trigal/app/Plugin/Crud/Controller/Component/CrudComponent.php(165): Controller->render('cuaderno_electo...')
#5 /Users/lorenzo/Sites/trigal/app/Controller/PersonasController.php(22): CrudComponent->executeAction()
#6 /Users/lorenzo/Sites/trigal/app/Controller/PersonasController.php(32): PersonasController->index()
#7 [internal function]: PersonasController->cuaderno_electoral()
#8 /Users/lorenzo/Sites/trigal/lib/Cake/Controller/Controller.php(485): ReflectionMethod->invokeArgs(Object(PersonasController), Array)
#9 /Users/lorenzo/Sites/trigal/app/Controller/AppController.php(83): Controller->invokeAction(Object(CakeRequest))
#10 /Users/lorenzo/Sites/trigal/lib/Cake/Routing/Dispatcher.php(186): AppController->invokeAction(Object(CakeRequest))
#11 /Users/lorenzo/Sites/trigal/lib/Cake/Routing/Dispatcher.php(161): Dispatcher->_invoke(Object(PersonasController), Object(CakeRequest), Object(CakeResponse))
#12 /Users/lorenzo/Sites/trigal/app/webroot/index.php(97): Dispatcher->dispatch(Object(CakeRequest), Object(CakeResponse))
#13 {main}
2012-08-02 20:59:47 Error: [CakeException] wkhtmltopdf binary is not found or not executable: wkhtmltopdf
#0 /Users/lorenzo/Sites/trigal/app/Plugin/CakePdf/Pdf/Engine/WkHtmlToPdfEngine.php(29): WkHtmlToPdfEngine->_getCommand()
#1 /Users/lorenzo/Sites/trigal/app/Plugin/CakePdf/Pdf/CakePdf.php(234): WkHtmlToPdfEngine->output()
#2 /Users/lorenzo/Sites/trigal/app/Plugin/CakePdf/View/PdfView.php(99): CakePdf->output('<!DOCTYPE html>...')
#3 /Users/lorenzo/Sites/trigal/lib/Cake/Controller/Controller.php(957): PdfView->render('cuaderno_electo...', NULL)
#4 /Users/lorenzo/Sites/trigal/app/Plugin/Crud/Controller/Component/CrudComponent.php(165): Controller->render('cuaderno_electo...')
#5 /Users/lorenzo/Sites/trigal/app/Controller/PersonasController.php(22): CrudComponent->executeAction()
#6 /Users/lorenzo/Sites/trigal/app/Controller/PersonasController.php(32): PersonasController->index()
#7 [internal function]: PersonasController->cuaderno_electoral()
#8 /Users/lorenzo/Sites/trigal/lib/Cake/Controller/Controller.php(485): ReflectionMethod->invokeArgs(Object(PersonasController), Array)
#9 /Users/lorenzo/Sites/trigal/app/Controller/AppController.php(83): Controller->invokeAction(Object(CakeRequest))
#10 /Users/lorenzo/Sites/trigal/lib/Cake/Routing/Dispatcher.php(186): AppController->invokeAction(Object(CakeRequest))
#11 /Users/lorenzo/Sites/trigal/lib/Cake/Routing/Dispatcher.php(161): Dispatcher->_invoke(Object(PersonasController), Object(CakeRequest), Object(CakeResponse))
#12 /Users/lorenzo/Sites/trigal/app/webroot/index.php(97): Dispatcher->dispatch(Object(CakeRequest), Object(CakeResponse))
#13 {main}
2012-08-02 21:00:17 Error: Fatal Error (1): Maximum execution time of 30 seconds exceeded in [/Users/lorenzo/Sites/trigal/lib/Cake/basics.php, line 169]
2012-08-02 21:00:17 Error: [FatalErrorException] Maximum execution time of 30 seconds exceeded
#0 /Users/lorenzo/Sites/trigal/lib/Cake/Error/ErrorHandler.php(162): ErrorHandler::handleFatalError(1, 'Maximum executi...', '/Users/lorenzo/...', 169)
#1 [internal function]: ErrorHandler::handleError(1, 'Maximum executi...', '/Users/lorenzo/...', 169, Array)
#2 /Users/lorenzo/Sites/trigal/lib/Cake/Core/App.php(926): call_user_func('ErrorHandler::h...', 1, 'Maximum executi...', '/Users/lorenzo/...', 169, Array)
#3 /Users/lorenzo/Sites/trigal/lib/Cake/Core/App.php(899): App::_checkFatalError()
#4 [internal function]: App::shutdown()
#5 {main}
2012-08-02 21:02:24 Error: [CakeException] wkhtmltopdf binary is not found or not executable: wkhtmltopdf
#0 /Users/lorenzo/Sites/trigal/app/Plugin/CakePdf/Pdf/Engine/WkHtmlToPdfEngine.php(29): WkHtmlToPdfEngine->_getCommand()
#1 /Users/lorenzo/Sites/trigal/app/Plugin/CakePdf/Pdf/CakePdf.php(234): WkHtmlToPdfEngine->output()
#2 /Users/lorenzo/Sites/trigal/app/Plugin/CakePdf/View/PdfView.php(99): CakePdf->output('<!DOCTYPE html>...')
#3 /Users/lorenzo/Sites/trigal/lib/Cake/Controller/Controller.php(957): PdfView->render('cuaderno_electo...', NULL)
#4 /Users/lorenzo/Sites/trigal/app/Plugin/Crud/Controller/Component/CrudComponent.php(165): Controller->render('cuaderno_electo...')
#5 /Users/lorenzo/Sites/trigal/app/Controller/PersonasController.php(22): CrudComponent->executeAction()
#6 /Users/lorenzo/Sites/trigal/app/Controller/PersonasController.php(32): PersonasController->index()
#7 [internal function]: PersonasController->cuaderno_electoral()
#8 /Users/lorenzo/Sites/trigal/lib/Cake/Controller/Controller.php(485): ReflectionMethod->invokeArgs(Object(PersonasController), Array)
#9 /Users/lorenzo/Sites/trigal/app/Controller/AppController.php(83): Controller->invokeAction(Object(CakeRequest))
#10 /Users/lorenzo/Sites/trigal/lib/Cake/Routing/Dispatcher.php(186): AppController->invokeAction(Object(CakeRequest))
#11 /Users/lorenzo/Sites/trigal/lib/Cake/Routing/Dispatcher.php(161): Dispatcher->_invoke(Object(PersonasController), Object(CakeRequest), Object(CakeResponse))
#12 /Users/lorenzo/Sites/trigal/app/webroot/index.php(97): Dispatcher->dispatch(Object(CakeRequest), Object(CakeResponse))
#13 {main}
2012-08-02 21:02:54 Error: Fatal Error (1): Maximum execution time of 30 seconds exceeded in [/Users/lorenzo/Sites/trigal/lib/Cake/basics.php, line 171]
2012-08-02 21:02:54 Error: [FatalErrorException] Maximum execution time of 30 seconds exceeded
#0 /Users/lorenzo/Sites/trigal/lib/Cake/Error/ErrorHandler.php(162): ErrorHandler::handleFatalError(1, 'Maximum executi...', '/Users/lorenzo/...', 171)
#1 [internal function]: ErrorHandler::handleError(1, 'Maximum executi...', '/Users/lorenzo/...', 171, Array)
#2 /Users/lorenzo/Sites/trigal/lib/Cake/Core/App.php(926): call_user_func('ErrorHandler::h...', 1, 'Maximum executi...', '/Users/lorenzo/...', 171, Array)
#3 /Users/lorenzo/Sites/trigal/lib/Cake/Core/App.php(899): App::_checkFatalError()
#4 [internal function]: App::shutdown()
#5 {main}
2012-08-02 21:06:15 Error: [CakeException] wkhtmltopdf binary is not found or not executable: wkhtmltopdf
#0 /Users/lorenzo/Sites/trigal/app/Plugin/CakePdf/Pdf/Engine/WkHtmlToPdfEngine.php(29): WkHtmlToPdfEngine->_getCommand()
#1 /Users/lorenzo/Sites/trigal/app/Plugin/CakePdf/Pdf/CakePdf.php(234): WkHtmlToPdfEngine->output()
#2 /Users/lorenzo/Sites/trigal/app/Plugin/CakePdf/View/PdfView.php(100): CakePdf->output('<!DOCTYPE html>...')
#3 /Users/lorenzo/Sites/trigal/lib/Cake/Controller/Controller.php(957): PdfView->render('cuaderno_electo...', NULL)
#4 /Users/lorenzo/Sites/trigal/app/Plugin/Crud/Controller/Component/CrudComponent.php(165): Controller->render('cuaderno_electo...')
#5 /Users/lorenzo/Sites/trigal/app/Controller/PersonasController.php(22): CrudComponent->executeAction()
#6 /Users/lorenzo/Sites/trigal/app/Controller/PersonasController.php(32): PersonasController->index()
#7 [internal function]: PersonasController->cuaderno_electoral()
#8 /Users/lorenzo/Sites/trigal/lib/Cake/Controller/Controller.php(485): ReflectionMethod->invokeArgs(Object(PersonasController), Array)
#9 /Users/lorenzo/Sites/trigal/app/Controller/AppController.php(83): Controller->invokeAction(Object(CakeRequest))
#10 /Users/lorenzo/Sites/trigal/lib/Cake/Routing/Dispatcher.php(186): AppController->invokeAction(Object(CakeRequest))
#11 /Users/lorenzo/Sites/trigal/lib/Cake/Routing/Dispatcher.php(161): Dispatcher->_invoke(Object(PersonasController), Object(CakeRequest), Object(CakeResponse))
#12 /Users/lorenzo/Sites/trigal/app/webroot/index.php(97): Dispatcher->dispatch(Object(CakeRequest), Object(CakeResponse))
#13 {main}
2012-08-02 21:20:46 Error: Fatal Error (4): syntax error, unexpected 'endforeach' (T_ENDFOREACH) in [/Users/lorenzo/Sites/trigal/app/View/Personas/pdf/cuaderno_electoral.ctp, line 36]
2012-08-02 21:20:46 Error: [FatalErrorException] syntax error, unexpected 'endforeach' (T_ENDFOREACH)
#0 /Users/lorenzo/Sites/trigal/lib/Cake/Error/ErrorHandler.php(162): ErrorHandler::handleFatalError(4, 'syntax error, u...', '/Users/lorenzo/...', 36)
#1 [internal function]: ErrorHandler::handleError(4, 'syntax error, u...', '/Users/lorenzo/...', 36, Array)
#2 /Users/lorenzo/Sites/trigal/lib/Cake/Core/App.php(926): call_user_func('ErrorHandler::h...', 4, 'syntax error, u...', '/Users/lorenzo/...', 36, Array)
#3 /Users/lorenzo/Sites/trigal/lib/Cake/Core/App.php(899): App::_checkFatalError()
#4 [internal function]: App::shutdown()
#5 {main}
2012-08-02 21:21:20 Error: Fatal Error (4): syntax error, unexpected 'endforeach' (T_ENDFOREACH) in [/Users/lorenzo/Sites/trigal/app/View/Personas/cuaderno_electoral.ctp, line 36]
2012-08-02 21:21:20 Error: [FatalErrorException] syntax error, unexpected 'endforeach' (T_ENDFOREACH)
#0 /Users/lorenzo/Sites/trigal/lib/Cake/Error/ErrorHandler.php(162): ErrorHandler::handleFatalError(4, 'syntax error, u...', '/Users/lorenzo/...', 36)
#1 [internal function]: ErrorHandler::handleError(4, 'syntax error, u...', '/Users/lorenzo/...', 36, Array)
#2 /Users/lorenzo/Sites/trigal/lib/Cake/Core/App.php(926): call_user_func('ErrorHandler::h...', 4, 'syntax error, u...', '/Users/lorenzo/...', 36, Array)
#3 /Users/lorenzo/Sites/trigal/lib/Cake/Core/App.php(899): App::_checkFatalError()
#4 [internal function]: App::shutdown()
#5 {main}
2012-08-02 21:22:16 Error: Fatal Error (4): syntax error, unexpected ';' in [/Users/lorenzo/Sites/trigal/app/View/Personas/cuaderno_electoral.ctp, line 25]
2012-08-02 21:22:16 Error: [FatalErrorException] syntax error, unexpected ';'
#0 /Users/lorenzo/Sites/trigal/lib/Cake/Error/ErrorHandler.php(162): ErrorHandler::handleFatalError(4, 'syntax error, u...', '/Users/lorenzo/...', 25)
#1 [internal function]: ErrorHandler::handleError(4, 'syntax error, u...', '/Users/lorenzo/...', 25, Array)
#2 /Users/lorenzo/Sites/trigal/lib/Cake/Core/App.php(926): call_user_func('ErrorHandler::h...', 4, 'syntax error, u...', '/Users/lorenzo/...', 25, Array)
#3 /Users/lorenzo/Sites/trigal/lib/Cake/Core/App.php(899): App::_checkFatalError()
#4 [internal function]: App::shutdown()
#5 {main}
2012-08-02 21:32:42 Error: [Exception] Action "cuaderno_asistencia" has not been mapped
#0 /Users/lorenzo/Sites/trigal/app/Controller/PersonasController.php(22): CrudComponent->executeAction()
#1 /Users/lorenzo/Sites/trigal/app/Controller/PersonasController.php(42): PersonasController->index()
#2 [internal function]: PersonasController->cuaderno_asistencia()
#3 /Users/lorenzo/Sites/trigal/lib/Cake/Controller/Controller.php(485): ReflectionMethod->invokeArgs(Object(PersonasController), Array)
#4 /Users/lorenzo/Sites/trigal/app/Controller/AppController.php(83): Controller->invokeAction(Object(CakeRequest))
#5 /Users/lorenzo/Sites/trigal/lib/Cake/Routing/Dispatcher.php(186): AppController->invokeAction(Object(CakeRequest))
#6 /Users/lorenzo/Sites/trigal/lib/Cake/Routing/Dispatcher.php(161): Dispatcher->_invoke(Object(PersonasController), Object(CakeRequest), Object(CakeResponse))
#7 /Users/lorenzo/Sites/trigal/app/webroot/index.php(97): Dispatcher->dispatch(Object(CakeRequest), Object(CakeResponse))
#8 {main}
2012-08-02 21:33:12 Error: Fatal Error (1): Maximum execution time of 30 seconds exceeded in [/Users/lorenzo/Sites/trigal/lib/Cake/basics.php, line 172]
2012-08-02 21:33:12 Error: [FatalErrorException] Maximum execution time of 30 seconds exceeded
#0 /Users/lorenzo/Sites/trigal/lib/Cake/Error/ErrorHandler.php(162): ErrorHandler::handleFatalError(1, 'Maximum executi...', '/Users/lorenzo/...', 172)
#1 [internal function]: ErrorHandler::handleError(1, 'Maximum executi...', '/Users/lorenzo/...', 172, Array)
#2 /Users/lorenzo/Sites/trigal/lib/Cake/Core/App.php(926): call_user_func('ErrorHandler::h...', 1, 'Maximum executi...', '/Users/lorenzo/...', 172, Array)
#3 /Users/lorenzo/Sites/trigal/lib/Cake/Core/App.php(899): App::_checkFatalError()
#4 [internal function]: App::shutdown()
#5 {main}
2012-08-02 21:33:48 Error: Fatal Error (1): Call to undefined function dia() in [/Users/lorenzo/Sites/trigal/app/Controller/PersonasController.php, line 42]
2012-08-02 21:33:48 Error: [FatalErrorException] Call to undefined function dia()
#0 /Users/lorenzo/Sites/trigal/lib/Cake/Error/ErrorHandler.php(162): ErrorHandler::handleFatalError(1, 'Call to undefin...', '/Users/lorenzo/...', 42)
#1 [internal function]: ErrorHandler::handleError(1, 'Call to undefin...', '/Users/lorenzo/...', 42, Array)
#2 /Users/lorenzo/Sites/trigal/lib/Cake/Core/App.php(926): call_user_func('ErrorHandler::h...', 1, 'Call to undefin...', '/Users/lorenzo/...', 42, Array)
#3 /Users/lorenzo/Sites/trigal/lib/Cake/Core/App.php(899): App::_checkFatalError()
#4 [internal function]: App::shutdown()
#5 {main}
2012-08-02 21:34:06 Error: [Exception] Action "cuaderno_asistencia" has not been mapped
#0 /Users/lorenzo/Sites/trigal/app/Controller/PersonasController.php(22): CrudComponent->executeAction()
#1 /Users/lorenzo/Sites/trigal/app/Controller/PersonasController.php(42): PersonasController->index()
#2 [internal function]: PersonasController->cuaderno_asistencia()
#3 /Users/lorenzo/Sites/trigal/lib/Cake/Controller/Controller.php(485): ReflectionMethod->invokeArgs(Object(PersonasController), Array)
#4 /Users/lorenzo/Sites/trigal/app/Controller/AppController.php(83): Controller->invokeAction(Object(CakeRequest))
#5 /Users/lorenzo/Sites/trigal/lib/Cake/Routing/Dispatcher.php(186): AppController->invokeAction(Object(CakeRequest))
#6 /Users/lorenzo/Sites/trigal/lib/Cake/Routing/Dispatcher.php(161): Dispatcher->_invoke(Object(PersonasController), Object(CakeRequest), Object(CakeResponse))
#7 /Users/lorenzo/Sites/trigal/app/webroot/index.php(97): Dispatcher->dispatch(Object(CakeRequest), Object(CakeResponse))
#8 {main}
2012-08-02 21:34:31 Error: [MissingLayoutException] Layout file "/Users/lorenzo/Sites/trigal/app/View/Layouts/pdf/pdf/default.ctp" is missing.
#0 /Users/lorenzo/Sites/trigal/lib/Cake/View/View.php(513): View->_getLayoutFileName('pdf/default')
#1 /Users/lorenzo/Sites/trigal/lib/Cake/View/View.php(483): View->renderLayout('', 'pdf/default')
#2 /Users/lorenzo/Sites/trigal/app/Plugin/CakePdf/View/PdfView.php(85): View->render('cuaderno_asiste...', NULL)
#3 /Users/lorenzo/Sites/trigal/lib/Cake/Controller/Controller.php(957): PdfView->render('cuaderno_asiste...', NULL)
#4 /Users/lorenzo/Sites/trigal/app/Plugin/Crud/Controller/Component/CrudComponent.php(165): Controller->render('cuaderno_asiste...')
#5 /Users/lorenzo/Sites/trigal/app/Controller/PersonasController.php(23): CrudComponent->executeAction()
#6 /Users/lorenzo/Sites/trigal/app/Controller/PersonasController.php(43): PersonasController->index()
#7 [internal function]: PersonasController->cuaderno_asistencia()
#8 /Users/lorenzo/Sites/trigal/lib/Cake/Controller/Controller.php(485): ReflectionMethod->invokeArgs(Object(PersonasController), Array)
#9 /Users/lorenzo/Sites/trigal/app/Controller/AppController.php(83): Controller->invokeAction(Object(CakeRequest))
#10 /Users/lorenzo/Sites/trigal/lib/Cake/Routing/Dispatcher.php(186): AppController->invokeAction(Object(CakeRequest))
#11 /Users/lorenzo/Sites/trigal/lib/Cake/Routing/Dispatcher.php(161): Dispatcher->_invoke(Object(PersonasController), Object(CakeRequest), Object(CakeResponse))
#12 /Users/lorenzo/Sites/trigal/app/webroot/index.php(97): Dispatcher->dispatch(Object(CakeRequest), Object(CakeResponse))
#13 {main}
2012-08-02 21:35:01 Error: Fatal Error (1): Maximum execution time of 30 seconds exceeded in [/Users/lorenzo/Sites/trigal/lib/Cake/basics.php, line 168]
2012-08-02 21:35:01 Error: [FatalErrorException] Maximum execution time of 30 seconds exceeded
#0 /Users/lorenzo/Sites/trigal/lib/Cake/Error/ErrorHandler.php(162): ErrorHandler::handleFatalError(1, 'Maximum executi...', '/Users/lorenzo/...', 168)
#1 [internal function]: ErrorHandler::handleError(1, 'Maximum executi...', '/Users/lorenzo/...', 168, Array)
#2 /Users/lorenzo/Sites/trigal/lib/Cake/Core/App.php(926): call_user_func('ErrorHandler::h...', 1, 'Maximum executi...', '/Users/lorenzo/...', 168, Array)
#3 /Users/lorenzo/Sites/trigal/lib/Cake/Core/App.php(899): App::_checkFatalError()
#4 [internal function]: App::shutdown()
#5 {main}
2012-08-02 21:35:14 Error: [MissingLayoutException] Layout file "/Users/lorenzo/Sites/trigal/app/View/Layouts/pdf/pdf/default.ctp" is missing.
#0 /Users/lorenzo/Sites/trigal/lib/Cake/View/View.php(513): View->_getLayoutFileName('pdf/default')
#1 /Users/lorenzo/Sites/trigal/lib/Cake/View/View.php(483): View->renderLayout('', 'pdf/default')
#2 /Users/lorenzo/Sites/trigal/app/Plugin/CakePdf/View/PdfView.php(85): View->render('cuaderno_asiste...', NULL)
#3 /Users/lorenzo/Sites/trigal/lib/Cake/Controller/Controller.php(957): PdfView->render('cuaderno_asiste...', NULL)
#4 /Users/lorenzo/Sites/trigal/app/Plugin/Crud/Controller/Component/CrudComponent.php(165): Controller->render('cuaderno_asiste...')
#5 /Users/lorenzo/Sites/trigal/app/Controller/PersonasController.php(23): CrudComponent->executeAction()
#6 /Users/lorenzo/Sites/trigal/app/Controller/PersonasController.php(43): PersonasController->index()
#7 [internal function]: PersonasController->cuaderno_asistencia()
#8 /Users/lorenzo/Sites/trigal/lib/Cake/Controller/Controller.php(485): ReflectionMethod->invokeArgs(Object(PersonasController), Array)
#9 /Users/lorenzo/Sites/trigal/app/Controller/AppController.php(83): Controller->invokeAction(Object(CakeRequest))
#10 /Users/lorenzo/Sites/trigal/lib/Cake/Routing/Dispatcher.php(186): AppController->invokeAction(Object(CakeRequest))
#11 /Users/lorenzo/Sites/trigal/lib/Cake/Routing/Dispatcher.php(161): Dispatcher->_invoke(Object(PersonasController), Object(CakeRequest), Object(CakeResponse))
#12 /Users/lorenzo/Sites/trigal/app/webroot/index.php(97): Dispatcher->dispatch(Object(CakeRequest), Object(CakeResponse))
#13 {main}
2012-08-02 21:35:39 Error: [MissingLayoutException] Layout file "/Users/lorenzo/Sites/trigal/app/View/Layouts/pdf/pdf/default.ctp" is missing.
#0 /Users/lorenzo/Sites/trigal/lib/Cake/View/View.php(513): View->_getLayoutFileName('pdf/default')
#1 /Users/lorenzo/Sites/trigal/lib/Cake/View/View.php(483): View->renderLayout('', 'pdf/default')
#2 /Users/lorenzo/Sites/trigal/app/Plugin/CakePdf/View/PdfView.php(85): View->render('cuaderno_asiste...', NULL)
#3 /Users/lorenzo/Sites/trigal/lib/Cake/Controller/Controller.php(957): PdfView->render('cuaderno_asiste...', NULL)
#4 /Users/lorenzo/Sites/trigal/app/Plugin/Crud/Controller/Component/CrudComponent.php(165): Controller->render('cuaderno_asiste...')
#5 /Users/lorenzo/Sites/trigal/app/Controller/PersonasController.php(23): CrudComponent->executeAction()
#6 /Users/lorenzo/Sites/trigal/app/Controller/PersonasController.php(43): PersonasController->index()
#7 [internal function]: PersonasController->cuaderno_asistencia()
#8 /Users/lorenzo/Sites/trigal/lib/Cake/Controller/Controller.php(485): ReflectionMethod->invokeArgs(Object(PersonasController), Array)
#9 /Users/lorenzo/Sites/trigal/app/Controller/AppController.php(83): Controller->invokeAction(Object(CakeRequest))
#10 /Users/lorenzo/Sites/trigal/lib/Cake/Routing/Dispatcher.php(186): AppController->invokeAction(Object(CakeRequest))
#11 /Users/lorenzo/Sites/trigal/lib/Cake/Routing/Dispatcher.php(161): Dispatcher->_invoke(Object(PersonasController), Object(CakeRequest), Object(CakeResponse))
#12 /Users/lorenzo/Sites/trigal/app/webroot/index.php(97): Dispatcher->dispatch(Object(CakeRequest), Object(CakeResponse))
#13 {main}
2012-08-02 21:36:01 Error: [MissingLayoutException] Layout file "/Users/lorenzo/Sites/trigal/app/View/Layouts/pdf/pdf/default.ctp" is missing.
#0 /Users/lorenzo/Sites/trigal/lib/Cake/View/View.php(513): View->_getLayoutFileName('pdf/default')
#1 /Users/lorenzo/Sites/trigal/lib/Cake/View/View.php(483): View->renderLayout('', 'pdf/default')
#2 /Users/lorenzo/Sites/trigal/app/Plugin/CakePdf/View/PdfView.php(85): View->render('cuaderno_asiste...', NULL)
#3 /Users/lorenzo/Sites/trigal/lib/Cake/Controller/Controller.php(957): PdfView->render('cuaderno_asiste...', NULL)
#4 /Users/lorenzo/Sites/trigal/app/Plugin/Crud/Controller/Component/CrudComponent.php(165): Controller->render('cuaderno_asiste...')
#5 /Users/lorenzo/Sites/trigal/app/Controller/PersonasController.php(23): CrudComponent->executeAction()
#6 /Users/lorenzo/Sites/trigal/app/Controller/PersonasController.php(43): PersonasController->index()
#7 [internal function]: PersonasController->cuaderno_asistencia()
#8 /Users/lorenzo/Sites/trigal/lib/Cake/Controller/Controller.php(485): ReflectionMethod->invokeArgs(Object(PersonasController), Array)
#9 /Users/lorenzo/Sites/trigal/app/Controller/AppController.php(83): Controller->invokeAction(Object(CakeRequest))
#10 /Users/lorenzo/Sites/trigal/lib/Cake/Routing/Dispatcher.php(186): AppController->invokeAction(Object(CakeRequest))
#11 /Users/lorenzo/Sites/trigal/lib/Cake/Routing/Dispatcher.php(161): Dispatcher->_invoke(Object(PersonasController), Object(CakeRequest), Object(CakeResponse))
#12 /Users/lorenzo/Sites/trigal/app/webroot/index.php(97): Dispatcher->dispatch(Object(CakeRequest), Object(CakeResponse))
#13 {main}
2012-08-02 21:36:21 Error: [MissingLayoutException] Layout file "/Users/lorenzo/Sites/trigal/app/View/Layouts/pdf/pdf/default.ctp" is missing.
#0 /Users/lorenzo/Sites/trigal/lib/Cake/View/View.php(513): View->_getLayoutFileName('pdf/default')
#1 /Users/lorenzo/Sites/trigal/lib/Cake/View/View.php(483): View->renderLayout('', 'pdf/default')
#2 /Users/lorenzo/Sites/trigal/app/Plugin/CakePdf/View/PdfView.php(85): View->render('cuaderno_asiste...', NULL)
#3 /Users/lorenzo/Sites/trigal/lib/Cake/Controller/Controller.php(957): PdfView->render('cuaderno_asiste...', NULL)
#4 /Users/lorenzo/Sites/trigal/app/Plugin/Crud/Controller/Component/CrudComponent.php(165): Controller->render('cuaderno_asiste...')
#5 /Users/lorenzo/Sites/trigal/app/Controller/PersonasController.php(23): CrudComponent->executeAction()
#6 /Users/lorenzo/Sites/trigal/app/Controller/PersonasController.php(43): PersonasController->index()
#7 [internal function]: PersonasController->cuaderno_asistencia()
#8 /Users/lorenzo/Sites/trigal/lib/Cake/Controller/Controller.php(485): ReflectionMethod->invokeArgs(Object(PersonasController), Array)
#9 /Users/lorenzo/Sites/trigal/app/Controller/AppController.php(83): Controller->invokeAction(Object(CakeRequest))
#10 /Users/lorenzo/Sites/trigal/lib/Cake/Routing/Dispatcher.php(186): AppController->invokeAction(Object(CakeRequest))
#11 /Users/lorenzo/Sites/trigal/lib/Cake/Routing/Dispatcher.php(161): Dispatcher->_invoke(Object(PersonasController), Object(CakeRequest), Object(CakeResponse))
#12 /Users/lorenzo/Sites/trigal/app/webroot/index.php(97): Dispatcher->dispatch(Object(CakeRequest), Object(CakeResponse))
#13 {main}
2012-08-02 21:37:13 Error: [MissingLayoutException] Layout file "/Users/lorenzo/Sites/trigal/app/View/Layouts/pdf/pdf/default.ctp" is missing.
#0 /Users/lorenzo/Sites/trigal/lib/Cake/View/View.php(513): View->_getLayoutFileName('pdf/default')
#1 /Users/lorenzo/Sites/trigal/lib/Cake/View/View.php(483): View->renderLayout('', 'pdf/default')
#2 /Users/lorenzo/Sites/trigal/app/Plugin/CakePdf/View/PdfView.php(85): View->render('cuaderno_asiste...', NULL)
#3 /Users/lorenzo/Sites/trigal/lib/Cake/Controller/Controller.php(957): PdfView->render('cuaderno_asiste...', NULL)
#4 /Users/lorenzo/Sites/trigal/app/Plugin/Crud/Controller/Component/CrudComponent.php(165): Controller->render('cuaderno_asiste...')
#5 /Users/lorenzo/Sites/trigal/app/Controller/PersonasController.php(23): CrudComponent->executeAction()
#6 /Users/lorenzo/Sites/trigal/app/Controller/PersonasController.php(43): PersonasController->index()
#7 [internal function]: PersonasController->cuaderno_asistencia()
#8 /Users/lorenzo/Sites/trigal/lib/Cake/Controller/Controller.php(485): ReflectionMethod->invokeArgs(Object(PersonasController), Array)
#9 /Users/lorenzo/Sites/trigal/app/Controller/AppController.php(83): Controller->invokeAction(Object(CakeRequest))
#10 /Users/lorenzo/Sites/trigal/lib/Cake/Routing/Dispatcher.php(186): AppController->invokeAction(Object(CakeRequest))
#11 /Users/lorenzo/Sites/trigal/lib/Cake/Routing/Dispatcher.php(161): Dispatcher->_invoke(Object(PersonasController), Object(CakeRequest), Object(CakeResponse))
#12 /Users/lorenzo/Sites/trigal/app/webroot/index.php(97): Dispatcher->dispatch(Object(CakeRequest), Object(CakeResponse))
#13 {main}
2012-08-02 21:37:29 Error: [MissingLayoutException] Layout file "/Users/lorenzo/Sites/trigal/app/View/Layouts/pdf/pdf/default.ctp" is missing.
#0 /Users/lorenzo/Sites/trigal/lib/Cake/View/View.php(513): View->_getLayoutFileName('pdf/default')
#1 /Users/lorenzo/Sites/trigal/lib/Cake/View/View.php(483): View->renderLayout('', 'pdf/default')
#2 /Users/lorenzo/Sites/trigal/app/Plugin/CakePdf/View/PdfView.php(85): View->render('cuaderno_asiste...', NULL)
#3 /Users/lorenzo/Sites/trigal/lib/Cake/Controller/Controller.php(957): PdfView->render('cuaderno_asiste...', NULL)
#4 /Users/lorenzo/Sites/trigal/app/Plugin/Crud/Controller/Component/CrudComponent.php(165): Controller->render('cuaderno_asiste...')
#5 /Users/lorenzo/Sites/trigal/app/Controller/PersonasController.php(23): CrudComponent->executeAction()
#6 /Users/lorenzo/Sites/trigal/app/Controller/PersonasController.php(43): PersonasController->index()
#7 [internal function]: PersonasController->cuaderno_asistencia()
#8 /Users/lorenzo/Sites/trigal/lib/Cake/Controller/Controller.php(485): ReflectionMethod->invokeArgs(Object(PersonasController), Array)
#9 /Users/lorenzo/Sites/trigal/app/Controller/AppController.php(83): Controller->invokeAction(Object(CakeRequest))
#10 /Users/lorenzo/Sites/trigal/lib/Cake/Routing/Dispatcher.php(186): AppController->invokeAction(Object(CakeRequest))
#11 /Users/lorenzo/Sites/trigal/lib/Cake/Routing/Dispatcher.php(161): Dispatcher->_invoke(Object(PersonasController), Object(CakeRequest), Object(CakeResponse))
#12 /Users/lorenzo/Sites/trigal/app/webroot/index.php(97): Dispatcher->dispatch(Object(CakeRequest), Object(CakeResponse))
#13 {main}
2012-08-02 21:37:45 Error: [MissingLayoutException] Layout file "/Users/lorenzo/Sites/trigal/app/View/Layouts/pdf/pdf/default.ctp" is missing.
#0 /Users/lorenzo/Sites/trigal/lib/Cake/View/View.php(513): View->_getLayoutFileName('pdf/default')
#1 /Users/lorenzo/Sites/trigal/lib/Cake/View/View.php(483): View->renderLayout('', 'pdf/default')
#2 /Users/lorenzo/Sites/trigal/app/Plugin/CakePdf/View/PdfView.php(85): View->render('cuaderno_asiste...', NULL)
#3 /Users/lorenzo/Sites/trigal/lib/Cake/Controller/Controller.php(957): PdfView->render('cuaderno_asiste...', NULL)
#4 /Users/lorenzo/Sites/trigal/app/Plugin/Crud/Controller/Component/CrudComponent.php(165): Controller->render('cuaderno_asiste...')
#5 /Users/lorenzo/Sites/trigal/app/Controller/PersonasController.php(23): CrudComponent->executeAction()
#6 /Users/lorenzo/Sites/trigal/app/Controller/PersonasController.php(43): PersonasController->index()
#7 [internal function]: PersonasController->cuaderno_asistencia()
#8 /Users/lorenzo/Sites/trigal/lib/Cake/Controller/Controller.php(485): ReflectionMethod->invokeArgs(Object(PersonasController), Array)
#9 /Users/lorenzo/Sites/trigal/app/Controller/AppController.php(83): Controller->invokeAction(Object(CakeRequest))
#10 /Users/lorenzo/Sites/trigal/lib/Cake/Routing/Dispatcher.php(186): AppController->invokeAction(Object(CakeRequest))
#11 /Users/lorenzo/Sites/trigal/lib/Cake/Routing/Dispatcher.php(161): Dispatcher->_invoke(Object(PersonasController), Object(CakeRequest), Object(CakeResponse))
#12 /Users/lorenzo/Sites/trigal/app/webroot/index.php(97): Dispatcher->dispatch(Object(CakeRequest), Object(CakeResponse))
#13 {main}
2012-08-02 21:38:14 Error: [MissingLayoutException] Layout file "/Users/lorenzo/Sites/trigal/app/View/Layouts/pdf/pdf/default.ctp" is missing.
#0 /Users/lorenzo/Sites/trigal/lib/Cake/View/View.php(513): View->_getLayoutFileName('pdf/default')
#1 /Users/lorenzo/Sites/trigal/lib/Cake/View/View.php(483): View->renderLayout('', 'pdf/default')
#2 /Users/lorenzo/Sites/trigal/app/Plugin/CakePdf/View/PdfView.php(85): View->render('cuaderno_asiste...', NULL)
#3 /Users/lorenzo/Sites/trigal/lib/Cake/Controller/Controller.php(957): PdfView->render('cuaderno_asiste...', NULL)
#4 /Users/lorenzo/Sites/trigal/app/Plugin/Crud/Controller/Component/CrudComponent.php(165): Controller->render('cuaderno_asiste...')
#5 /Users/lorenzo/Sites/trigal/app/Controller/PersonasController.php(23): CrudComponent->executeAction()
#6 /Users/lorenzo/Sites/trigal/app/Controller/PersonasController.php(43): PersonasController->index()
#7 [internal function]: PersonasController->cuaderno_asistencia()
#8 /Users/lorenzo/Sites/trigal/lib/Cake/Controller/Controller.php(485): ReflectionMethod->invokeArgs(Object(PersonasController), Array)
#9 /Users/lorenzo/Sites/trigal/app/Controller/AppController.php(83): Controller->invokeAction(Object(CakeRequest))
#10 /Users/lorenzo/Sites/trigal/lib/Cake/Routing/Dispatcher.php(186): AppController->invokeAction(Object(CakeRequest))
#11 /Users/lorenzo/Sites/trigal/lib/Cake/Routing/Dispatcher.php(161): Dispatcher->_invoke(Object(PersonasController), Object(CakeRequest), Object(CakeResponse))
#12 /Users/lorenzo/Sites/trigal/app/webroot/index.php(97): Dispatcher->dispatch(Object(CakeRequest), Object(CakeResponse))
#13 {main}
2012-08-02 21:38:25 Error: [MissingLayoutException] Layout file "/Users/lorenzo/Sites/trigal/app/View/Layouts/pdf/pdf/default.ctp" is missing.
#0 /Users/lorenzo/Sites/trigal/lib/Cake/View/View.php(513): View->_getLayoutFileName('pdf/default')
#1 /Users/lorenzo/Sites/trigal/lib/Cake/View/View.php(483): View->renderLayout('', 'pdf/default')
#2 /Users/lorenzo/Sites/trigal/app/Plugin/CakePdf/View/PdfView.php(85): View->render('cuaderno_asiste...', NULL)
#3 /Users/lorenzo/Sites/trigal/lib/Cake/Controller/Controller.php(957): PdfView->render('cuaderno_asiste...', NULL)
#4 /Users/lorenzo/Sites/trigal/app/Plugin/Crud/Controller/Component/CrudComponent.php(165): Controller->render('cuaderno_asiste...')
#5 /Users/lorenzo/Sites/trigal/app/Controller/PersonasController.php(23): CrudComponent->executeAction()
#6 /Users/lorenzo/Sites/trigal/app/Controller/PersonasController.php(43): PersonasController->index()
#7 [internal function]: PersonasController->cuaderno_asistencia()
#8 /Users/lorenzo/Sites/trigal/lib/Cake/Controller/Controller.php(485): ReflectionMethod->invokeArgs(Object(PersonasController), Array)
#9 /Users/lorenzo/Sites/trigal/app/Controller/AppController.php(83): Controller->invokeAction(Object(CakeRequest))
#10 /Users/lorenzo/Sites/trigal/lib/Cake/Routing/Dispatcher.php(186): AppController->invokeAction(Object(CakeRequest))
#11 /Users/lorenzo/Sites/trigal/lib/Cake/Routing/Dispatcher.php(161): Dispatcher->_invoke(Object(PersonasController), Object(CakeRequest), Object(CakeResponse))
#12 /Users/lorenzo/Sites/trigal/app/webroot/index.php(97): Dispatcher->dispatch(Object(CakeRequest), Object(CakeResponse))
#13 {main}
